This is pdfTeX, Version 3.14159265-2.6-1.40.21 (TeX Live 2020) (preloaded format=pdflatex 2021.3.22)  26 JUN 2021 11:34
entering extended mode
 restricted \write18 enabled.
 %&-line parsing enabled.
**CCTPP_EstatusyCBA2021_sard_agosto2021.tex
(./CCTPP_EstatusyCBA2021_sard_agosto2021.tex
LaTeX2e <2020-10-01> patch level 4
L3 programming layer <2021-02-18>
(/Users/mariajosezunigabasualto/Library/TinyTeX/texmf-dist/tex/latex/beamer/bea
mer.cls
Document Class: beamer 2021/03/19 v3.62 A class for typesetting presentations

(/Users/mariajosezunigabasualto/Library/TinyTeX/texmf-dist/tex/latex/beamer/bea
merbasemodes.sty
(/Users/mariajosezunigabasualto/Library/TinyTeX/texmf-dist/tex/latex/etoolbox/e
toolbox.sty
Package: etoolbox 2020/10/05 v2.5k e-TeX tools for LaTeX (JAW)
\etb@tempcnta=\count179
)
\beamer@tempbox=\box47
\beamer@tempcount=\count180
\c@beamerpauses=\count181

(/Users/mariajosezunigabasualto/Library/TinyTeX/texmf-dist/tex/latex/beamer/bea
merbasedecode.sty
\beamer@slideinframe=\count182
\beamer@minimum=\count183
\beamer@decode@box=\box48
)
\beamer@commentbox=\box49
\beamer@modecount=\count184
)
(/Users/mariajosezunigabasualto/Library/TinyTeX/texmf-dist/tex/generic/iftex/if
pdf.sty
Package: ifpdf 2019/10/25 v3.4 ifpdf legacy package. Use iftex instead.

(/Users/mariajosezunigabasualto/Library/TinyTeX/texmf-dist/tex/generic/iftex/if
tex.sty
Package: iftex 2020/03/06 v1.0d TeX engine tests
))
\headdp=\dimen138
\footheight=\dimen139
\sidebarheight=\dimen140
\beamer@tempdim=\dimen141
\beamer@finalheight=\dimen142
\beamer@animht=\dimen143
\beamer@animdp=\dimen144
\beamer@animwd=\dimen145
\beamer@leftmargin=\dimen146
\beamer@rightmargin=\dimen147
\beamer@leftsidebar=\dimen148
\beamer@rightsidebar=\dimen149
\beamer@boxsize=\dimen150
\beamer@vboxoffset=\dimen151
\beamer@descdefault=\dimen152
\beamer@descriptionwidth=\dimen153
\beamer@lastskip=\skip47
\beamer@areabox=\box50
\beamer@animcurrent=\box51
\beamer@animshowbox=\box52
\beamer@sectionbox=\box53
\beamer@logobox=\box54
\beamer@linebox=\box55
\beamer@sectioncount=\count185
\beamer@subsubsectionmax=\count186
\beamer@subsectionmax=\count187
\beamer@sectionmax=\count188
\beamer@totalheads=\count189
\beamer@headcounter=\count190
\beamer@partstartpage=\count191
\beamer@sectionstartpage=\count192
\beamer@subsectionstartpage=\count193
\beamer@animationtempa=\count194
\beamer@animationtempb=\count195
\beamer@xpos=\count196
\beamer@ypos=\count197
\beamer@ypos@offset=\count198
\beamer@showpartnumber=\count199
\beamer@currentsubsection=\count266
\beamer@coveringdepth=\count267
\beamer@sectionadjust=\count268
\beamer@tocsectionnumber=\count269

(/Users/mariajosezunigabasualto/Library/TinyTeX/texmf-dist/tex/latex/beamer/bea
merbaseoptions.sty
(/Users/mariajosezunigabasualto/Library/TinyTeX/texmf-dist/tex/latex/graphics/k
eyval.sty
Package: keyval 2014/10/28 v1.15 key=value parser (DPC)
\KV@toks@=\toks15
))
\beamer@paperwidth=\skip48
\beamer@paperheight=\skip49

(/Users/mariajosezunigabasualto/Library/TinyTeX/texmf-dist/tex/latex/geometry/g
eometry.sty
Package: geometry 2020/01/02 v5.9 Page Geometry

(/Users/mariajosezunigabasualto/Library/TinyTeX/texmf-dist/tex/generic/iftex/if
vtex.sty
Package: ifvtex 2019/10/25 v1.7 ifvtex legacy package. Use iftex instead.
)
\Gm@cnth=\count270
\Gm@cntv=\count271
\c@Gm@tempcnt=\count272
\Gm@bindingoffset=\dimen154
\Gm@wd@mp=\dimen155
\Gm@odd@mp=\dimen156
\Gm@even@mp=\dimen157
\Gm@layoutwidth=\dimen158
\Gm@layoutheight=\dimen159
\Gm@layouthoffset=\dimen160
\Gm@layoutvoffset=\dimen161
\Gm@dimlist=\toks16
)
(/Users/mariajosezunigabasualto/Library/TinyTeX/texmf-dist/tex/latex/base/size1
1.clo
File: size11.clo 2020/04/10 v1.4m Standard LaTeX file (size option)
)
(/Users/mariajosezunigabasualto/Library/TinyTeX/texmf-dist/tex/latex/pgf/basicl
ayer/pgfcore.sty
(/Users/mariajosezunigabasualto/Library/TinyTeX/texmf-dist/tex/latex/graphics/g
raphicx.sty
Package: graphicx 2020/09/09 v1.2b Enhanced LaTeX Graphics (DPC,SPQR)

(/Users/mariajosezunigabasualto/Library/TinyTeX/texmf-dist/tex/latex/graphics/g
raphics.sty
Package: graphics 2020/08/30 v1.4c Standard LaTeX Graphics (DPC,SPQR)

(/Users/mariajosezunigabasualto/Library/TinyTeX/texmf-dist/tex/latex/graphics/t
rig.sty
Package: trig 2016/01/03 v1.10 sin cos tan (DPC)
)
(/Users/mariajosezunigabasualto/Library/TinyTeX/texmf-dist/tex/latex/graphics-c
fg/graphics.cfg
File: graphics.cfg 2016/06/04 v1.11 sample graphics configuration
)
Package graphics Info: Driver file: pdftex.def on input line 105.

(/Users/mariajosezunigabasualto/Library/TinyTeX/texmf-dist/tex/latex/graphics-d
ef/pdftex.def
File: pdftex.def 2020/10/05 v1.2a Graphics/color driver for pdftex
))
\Gin@req@height=\dimen162
\Gin@req@width=\dimen163
)
(/Users/mariajosezunigabasualto/Library/TinyTeX/texmf-dist/tex/latex/pgf/system
layer/pgfsys.sty
(/Users/mariajosezunigabasualto/Library/TinyTeX/texmf-dist/tex/latex/pgf/utilit
ies/pgfrcs.sty
(/Users/mariajosezunigabasualto/Library/TinyTeX/texmf-dist/tex/generic/pgf/util
ities/pgfutil-common.tex
\pgfutil@everybye=\toks17
\pgfutil@tempdima=\dimen164
\pgfutil@tempdimb=\dimen165

(/Users/mariajosezunigabasualto/Library/TinyTeX/texmf-dist/tex/generic/pgf/util
ities/pgfutil-common-lists.tex))
(/Users/mariajosezunigabasualto/Library/TinyTeX/texmf-dist/tex/generic/pgf/util
ities/pgfutil-latex.def
\pgfutil@abb=\box56
)
(/Users/mariajosezunigabasualto/Library/TinyTeX/texmf-dist/tex/generic/pgf/util
ities/pgfrcs.code.tex
(/Users/mariajosezunigabasualto/Library/TinyTeX/texmf-dist/tex/generic/pgf/pgf.
revision.tex)
Package: pgfrcs 2020/12/27 v3.1.8b (3.1.8b)
))
(/Users/mariajosezunigabasualto/Library/TinyTeX/texmf-dist/tex/generic/pgf/syst
emlayer/pgfsys.code.tex
Package: pgfsys 2020/12/27 v3.1.8b (3.1.8b)

(/Users/mariajosezunigabasualto/Library/TinyTeX/texmf-dist/tex/generic/pgf/util
ities/pgfkeys.code.tex
\pgfkeys@pathtoks=\toks18
\pgfkeys@temptoks=\toks19

(/Users/mariajosezunigabasualto/Library/TinyTeX/texmf-dist/tex/generic/pgf/util
ities/pgfkeysfiltered.code.tex
\pgfkeys@tmptoks=\toks20
))
\pgf@x=\dimen166
\pgf@y=\dimen167
\pgf@xa=\dimen168
\pgf@ya=\dimen169
\pgf@xb=\dimen170
\pgf@yb=\dimen171
\pgf@xc=\dimen172
\pgf@yc=\dimen173
\pgf@xd=\dimen174
\pgf@yd=\dimen175
\w@pgf@writea=\write3
\r@pgf@reada=\read2
\c@pgf@counta=\count273
\c@pgf@countb=\count274
\c@pgf@countc=\count275
\c@pgf@countd=\count276
\t@pgf@toka=\toks21
\t@pgf@tokb=\toks22
\t@pgf@tokc=\toks23
\pgf@sys@id@count=\count277

(/Users/mariajosezunigabasualto/Library/TinyTeX/texmf-dist/tex/generic/pgf/syst
emlayer/pgf.cfg
File: pgf.cfg 2020/12/27 v3.1.8b (3.1.8b)
)
Driver file for pgf: pgfsys-pdftex.def

(/Users/mariajosezunigabasualto/Library/TinyTeX/texmf-dist/tex/generic/pgf/syst
emlayer/pgfsys-pdftex.def
File: pgfsys-pdftex.def 2020/12/27 v3.1.8b (3.1.8b)

(/Users/mariajosezunigabasualto/Library/TinyTeX/texmf-dist/tex/generic/pgf/syst
emlayer/pgfsys-common-pdf.def
File: pgfsys-common-pdf.def 2020/12/27 v3.1.8b (3.1.8b)
)))
(/Users/mariajosezunigabasualto/Library/TinyTeX/texmf-dist/tex/generic/pgf/syst
emlayer/pgfsyssoftpath.code.tex
File: pgfsyssoftpath.code.tex 2020/12/27 v3.1.8b (3.1.8b)
\pgfsyssoftpath@smallbuffer@items=\count278
\pgfsyssoftpath@bigbuffer@items=\count279
)
(/Users/mariajosezunigabasualto/Library/TinyTeX/texmf-dist/tex/generic/pgf/syst
emlayer/pgfsysprotocol.code.tex
File: pgfsysprotocol.code.tex 2020/12/27 v3.1.8b (3.1.8b)
))
(/Users/mariajosezunigabasualto/Library/TinyTeX/texmf-dist/tex/latex/xcolor/xco
lor.sty
Package: xcolor 2016/05/11 v2.12 LaTeX color extensions (UK)

(/Users/mariajosezunigabasualto/Library/TinyTeX/texmf-dist/tex/latex/graphics-c
fg/color.cfg
File: color.cfg 2016/01/02 v1.6 sample color configuration
)
Package xcolor Info: Driver file: pdftex.def on input line 225.
Package xcolor Info: Model `cmy' substituted by `cmy0' on input line 1348.
Package xcolor Info: Model `hsb' substituted by `rgb' on input line 1352.
Package xcolor Info: Model `RGB' extended on input line 1364.
Package xcolor Info: Model `HTML' substituted by `rgb' on input line 1366.
Package xcolor Info: Model `Hsb' substituted by `hsb' on input line 1367.
Package xcolor Info: Model `tHsb' substituted by `hsb' on input line 1368.
Package xcolor Info: Model `HSB' substituted by `hsb' on input line 1369.
Package xcolor Info: Model `Gray' substituted by `gray' on input line 1370.
Package xcolor Info: Model `wave' substituted by `hsb' on input line 1371.
)
(/Users/mariajosezunigabasualto/Library/TinyTeX/texmf-dist/tex/generic/pgf/basi
clayer/pgfcore.code.tex
Package: pgfcore 2020/12/27 v3.1.8b (3.1.8b)

(/Users/mariajosezunigabasualto/Library/TinyTeX/texmf-dist/tex/generic/pgf/math
/pgfmath.code.tex
(/Users/mariajosezunigabasualto/Library/TinyTeX/texmf-dist/tex/generic/pgf/math
/pgfmathcalc.code.tex
(/Users/mariajosezunigabasualto/Library/TinyTeX/texmf-dist/tex/generic/pgf/math
/pgfmathutil.code.tex)
(/Users/mariajosezunigabasualto/Library/TinyTeX/texmf-dist/tex/generic/pgf/math
/pgfmathparser.code.tex
\pgfmath@dimen=\dimen176
\pgfmath@count=\count280
\pgfmath@box=\box57
\pgfmath@toks=\toks24
\pgfmath@stack@operand=\toks25
\pgfmath@stack@operation=\toks26
)
(/Users/mariajosezunigabasualto/Library/TinyTeX/texmf-dist/tex/generic/pgf/math
/pgfmathfunctions.code.tex
(/Users/mariajosezunigabasualto/Library/TinyTeX/texmf-dist/tex/generic/pgf/math
/pgfmathfunctions.basic.code.tex)
(/Users/mariajosezunigabasualto/Library/TinyTeX/texmf-dist/tex/generic/pgf/math
/pgfmathfunctions.trigonometric.code.tex)
(/Users/mariajosezunigabasualto/Library/TinyTeX/texmf-dist/tex/generic/pgf/math
/pgfmathfunctions.random.code.tex)
(/Users/mariajosezunigabasualto/Library/TinyTeX/texmf-dist/tex/generic/pgf/math
/pgfmathfunctions.comparison.code.tex)
(/Users/mariajosezunigabasualto/Library/TinyTeX/texmf-dist/tex/generic/pgf/math
/pgfmathfunctions.base.code.tex)
(/Users/mariajosezunigabasualto/Library/TinyTeX/texmf-dist/tex/generic/pgf/math
/pgfmathfunctions.round.code.tex)
(/Users/mariajosezunigabasualto/Library/TinyTeX/texmf-dist/tex/generic/pgf/math
/pgfmathfunctions.misc.code.tex)
(/Users/mariajosezunigabasualto/Library/TinyTeX/texmf-dist/tex/generic/pgf/math
/pgfmathfunctions.integerarithmetics.code.tex)))
(/Users/mariajosezunigabasualto/Library/TinyTeX/texmf-dist/tex/generic/pgf/math
/pgfmathfloat.code.tex
\c@pgfmathroundto@lastzeros=\count281
))
(/Users/mariajosezunigabasualto/Library/TinyTeX/texmf-dist/tex/generic/pgf/math
/pgfint.code.tex)
(/Users/mariajosezunigabasualto/Library/TinyTeX/texmf-dist/tex/generic/pgf/basi
clayer/pgfcorepoints.code.tex
File: pgfcorepoints.code.tex 2020/12/27 v3.1.8b (3.1.8b)
\pgf@picminx=\dimen177
\pgf@picmaxx=\dimen178
\pgf@picminy=\dimen179
\pgf@picmaxy=\dimen180
\pgf@pathminx=\dimen181
\pgf@pathmaxx=\dimen182
\pgf@pathminy=\dimen183
\pgf@pathmaxy=\dimen184
\pgf@xx=\dimen185
\pgf@xy=\dimen186
\pgf@yx=\dimen187
\pgf@yy=\dimen188
\pgf@zx=\dimen189
\pgf@zy=\dimen190
)
(/Users/mariajosezunigabasualto/Library/TinyTeX/texmf-dist/tex/generic/pgf/basi
clayer/pgfcorepathconstruct.code.tex
File: pgfcorepathconstruct.code.tex 2020/12/27 v3.1.8b (3.1.8b)
\pgf@path@lastx=\dimen191
\pgf@path@lasty=\dimen192
)
(/Users/mariajosezunigabasualto/Library/TinyTeX/texmf-dist/tex/generic/pgf/basi
clayer/pgfcorepathusage.code.tex
File: pgfcorepathusage.code.tex 2020/12/27 v3.1.8b (3.1.8b)
\pgf@shorten@end@additional=\dimen193
\pgf@shorten@start@additional=\dimen194
)
(/Users/mariajosezunigabasualto/Library/TinyTeX/texmf-dist/tex/generic/pgf/basi
clayer/pgfcorescopes.code.tex
File: pgfcorescopes.code.tex 2020/12/27 v3.1.8b (3.1.8b)
\pgfpic=\box58
\pgf@hbox=\box59
\pgf@layerbox@main=\box60
\pgf@picture@serial@count=\count282
)
(/Users/mariajosezunigabasualto/Library/TinyTeX/texmf-dist/tex/generic/pgf/basi
clayer/pgfcoregraphicstate.code.tex
File: pgfcoregraphicstate.code.tex 2020/12/27 v3.1.8b (3.1.8b)
\pgflinewidth=\dimen195
)
(/Users/mariajosezunigabasualto/Library/TinyTeX/texmf-dist/tex/generic/pgf/basi
clayer/pgfcoretransformations.code.tex
File: pgfcoretransformations.code.tex 2020/12/27 v3.1.8b (3.1.8b)
\pgf@pt@x=\dimen196
\pgf@pt@y=\dimen197
\pgf@pt@temp=\dimen198
)
(/Users/mariajosezunigabasualto/Library/TinyTeX/texmf-dist/tex/generic/pgf/basi
clayer/pgfcorequick.code.tex
File: pgfcorequick.code.tex 2020/12/27 v3.1.8b (3.1.8b)
)
(/Users/mariajosezunigabasualto/Library/TinyTeX/texmf-dist/tex/generic/pgf/basi
clayer/pgfcoreobjects.code.tex
File: pgfcoreobjects.code.tex 2020/12/27 v3.1.8b (3.1.8b)
)
(/Users/mariajosezunigabasualto/Library/TinyTeX/texmf-dist/tex/generic/pgf/basi
clayer/pgfcorepathprocessing.code.tex
File: pgfcorepathprocessing.code.tex 2020/12/27 v3.1.8b (3.1.8b)
)
(/Users/mariajosezunigabasualto/Library/TinyTeX/texmf-dist/tex/generic/pgf/basi
clayer/pgfcorearrows.code.tex
File: pgfcorearrows.code.tex 2020/12/27 v3.1.8b (3.1.8b)
\pgfarrowsep=\dimen199
)
(/Users/mariajosezunigabasualto/Library/TinyTeX/texmf-dist/tex/generic/pgf/basi
clayer/pgfcoreshade.code.tex
File: pgfcoreshade.code.tex 2020/12/27 v3.1.8b (3.1.8b)
\pgf@max=\dimen256
\pgf@sys@shading@range@num=\count283
\pgf@shadingcount=\count284
)
(/Users/mariajosezunigabasualto/Library/TinyTeX/texmf-dist/tex/generic/pgf/basi
clayer/pgfcoreimage.code.tex
File: pgfcoreimage.code.tex 2020/12/27 v3.1.8b (3.1.8b)

(/Users/mariajosezunigabasualto/Library/TinyTeX/texmf-dist/tex/generic/pgf/basi
clayer/pgfcoreexternal.code.tex
File: pgfcoreexternal.code.tex 2020/12/27 v3.1.8b (3.1.8b)
\pgfexternal@startupbox=\box61
))
(/Users/mariajosezunigabasualto/Library/TinyTeX/texmf-dist/tex/generic/pgf/basi
clayer/pgfcorelayers.code.tex
File: pgfcorelayers.code.tex 2020/12/27 v3.1.8b (3.1.8b)
)
(/Users/mariajosezunigabasualto/Library/TinyTeX/texmf-dist/tex/generic/pgf/basi
clayer/pgfcoretransparency.code.tex
File: pgfcoretransparency.code.tex 2020/12/27 v3.1.8b (3.1.8b)
)
(/Users/mariajosezunigabasualto/Library/TinyTeX/texmf-dist/tex/generic/pgf/basi
clayer/pgfcorepatterns.code.tex
File: pgfcorepatterns.code.tex 2020/12/27 v3.1.8b (3.1.8b)
)
(/Users/mariajosezunigabasualto/Library/TinyTeX/texmf-dist/tex/generic/pgf/basi
clayer/pgfcorerdf.code.tex
File: pgfcorerdf.code.tex 2020/12/27 v3.1.8b (3.1.8b)
)))
(/Users/mariajosezunigabasualto/Library/TinyTeX/texmf-dist/tex/latex/pgf/utilit
ies/xxcolor.sty
Package: xxcolor 2003/10/24 ver 0.1
\XC@nummixins=\count285
\XC@countmixins=\count286
)
(/Users/mariajosezunigabasualto/Library/TinyTeX/texmf-dist/tex/latex/base/atbeg
shi-ltx.sty
Package: atbegshi-ltx 2020/08/17 v1.0a Emulation of the original atbegshi packa
ge
with kernel methods
)
(/Users/mariajosezunigabasualto/Library/TinyTeX/texmf-dist/tex/latex/hyperref/h
yperref.sty
Package: hyperref 2021-02-27 v7.00k Hypertext links for LaTeX

(/Users/mariajosezunigabasualto/Library/TinyTeX/texmf-dist/tex/generic/ltxcmds/
ltxcmds.sty
Package: ltxcmds 2020-05-10 v1.25 LaTeX kernel commands for general use (HO)
)
(/Users/mariajosezunigabasualto/Library/TinyTeX/texmf-dist/tex/generic/pdftexcm
ds/pdftexcmds.sty
Package: pdftexcmds 2020-06-27 v0.33 Utility functions of pdfTeX for LuaTeX (HO
)

(/Users/mariajosezunigabasualto/Library/TinyTeX/texmf-dist/tex/generic/infwarer
r/infwarerr.sty
Package: infwarerr 2019/12/03 v1.5 Providing info/warning/error messages (HO)
)
Package pdftexcmds Info: \pdf@primitive is available.
Package pdftexcmds Info: \pdf@ifprimitive is available.
Package pdftexcmds Info: \pdfdraftmode found.
)
(/Users/mariajosezunigabasualto/Library/TinyTeX/texmf-dist/tex/generic/kvsetkey
s/kvsetkeys.sty
Package: kvsetkeys 2019/12/15 v1.18 Key value parser (HO)
)
(/Users/mariajosezunigabasualto/Library/TinyTeX/texmf-dist/tex/generic/kvdefine
keys/kvdefinekeys.sty
Package: kvdefinekeys 2019-12-19 v1.6 Define keys (HO)
)
(/Users/mariajosezunigabasualto/Library/TinyTeX/texmf-dist/tex/generic/pdfescap
e/pdfescape.sty
Package: pdfescape 2019/12/09 v1.15 Implements pdfTeX's escape features (HO)
)
(/Users/mariajosezunigabasualto/Library/TinyTeX/texmf-dist/tex/latex/hycolor/hy
color.sty
Package: hycolor 2020-01-27 v1.10 Color options for hyperref/bookmark (HO)
)
(/Users/mariajosezunigabasualto/Library/TinyTeX/texmf-dist/tex/latex/letltxmacr
o/letltxmacro.sty
Package: letltxmacro 2019/12/03 v1.6 Let assignment for LaTeX macros (HO)
)
(/Users/mariajosezunigabasualto/Library/TinyTeX/texmf-dist/tex/latex/auxhook/au
xhook.sty
Package: auxhook 2019-12-17 v1.6 Hooks for auxiliary files (HO)
)
(/Users/mariajosezunigabasualto/Library/TinyTeX/texmf-dist/tex/latex/kvoptions/
kvoptions.sty
Package: kvoptions 2020-10-07 v3.14 Key value format for package options (HO)
)
\@linkdim=\dimen257
\Hy@linkcounter=\count287
\Hy@pagecounter=\count288

(/Users/mariajosezunigabasualto/Library/TinyTeX/texmf-dist/tex/latex/hyperref/p
d1enc.def
File: pd1enc.def 2021-02-27 v7.00k Hyperref: PDFDocEncoding definition (HO)
Now handling font encoding PD1 ...
... no UTF-8 mapping file for font encoding PD1
)
(/Users/mariajosezunigabasualto/Library/TinyTeX/texmf-dist/tex/latex/hyperref/h
yperref-langpatches.def
File: hyperref-langpatches.def 2021-02-27 v7.00k Hyperref: patches for babel la
nguages
)
(/Users/mariajosezunigabasualto/Library/TinyTeX/texmf-dist/tex/generic/intcalc/
intcalc.sty
Package: intcalc 2019/12/15 v1.3 Expandable calculations with integers (HO)
)
(/Users/mariajosezunigabasualto/Library/TinyTeX/texmf-dist/tex/generic/etexcmds
/etexcmds.sty
Package: etexcmds 2019/12/15 v1.7 Avoid name clashes with e-TeX commands (HO)
)
\Hy@SavedSpaceFactor=\count289

(/Users/mariajosezunigabasualto/Library/TinyTeX/texmf-dist/tex/latex/hyperref/p
uenc.def
File: puenc.def 2021-02-27 v7.00k Hyperref: PDF Unicode definition (HO)
Now handling font encoding PU ...
... no UTF-8 mapping file for font encoding PU
)
Package hyperref Info: Option `unicode' set `true' on input line 4073.
Package hyperref Info: Option `bookmarks' set `true' on input line 4073.
Package hyperref Info: Option `bookmarksopen' set `true' on input line 4073.
Package hyperref Info: Option `implicit' set `false' on input line 4073.
Package hyperref Info: Hyper figures OFF on input line 4192.
Package hyperref Info: Link nesting OFF on input line 4197.
Package hyperref Info: Hyper index ON on input line 4200.
Package hyperref Info: Plain pages OFF on input line 4207.
Package hyperref Info: Backreferencing OFF on input line 4212.
Package hyperref Info: Implicit mode OFF; no redefinition of LaTeX internals.
Package hyperref Info: Bookmarks ON on input line 4445.
\c@Hy@tempcnt=\count290

(/Users/mariajosezunigabasualto/Library/TinyTeX/texmf-dist/tex/latex/url/url.st
y
\Urlmuskip=\muskip16
Package: url 2013/09/16  ver 3.4  Verb mode for urls, etc.
)
LaTeX Info: Redefining \url on input line 4804.
\XeTeXLinkMargin=\dimen258

(/Users/mariajosezunigabasualto/Library/TinyTeX/texmf-dist/tex/generic/bitset/b
itset.sty
Package: bitset 2019/12/09 v1.3 Handle bit-vector datatype (HO)

(/Users/mariajosezunigabasualto/Library/TinyTeX/texmf-dist/tex/generic/bigintca
lc/bigintcalc.sty
Package: bigintcalc 2019/12/15 v1.5 Expandable calculations on big integers (HO
)
))
\Fld@menulength=\count291
\Field@Width=\dimen259
\Fld@charsize=\dimen260
Package hyperref Info: Hyper figures OFF on input line 6075.
Package hyperref Info: Link nesting OFF on input line 6080.
Package hyperref Info: Hyper index ON on input line 6083.
Package hyperref Info: backreferencing OFF on input line 6090.
Package hyperref Info: Link coloring OFF on input line 6095.
Package hyperref Info: Link coloring with OCG OFF on input line 6100.
Package hyperref Info: PDF/A mode OFF on input line 6105.
LaTeX Info: Redefining \ref on input line 6145.
LaTeX Info: Redefining \pageref on input line 6149.
\Hy@abspage=\count292

Package hyperref Message: Stopped early.

)
Package hyperref Info: Driver (autodetected): hpdftex.

(/Users/mariajosezunigabasualto/Library/TinyTeX/texmf-dist/tex/latex/hyperref/h
pdftex.def
File: hpdftex.def 2021-02-27 v7.00k Hyperref driver for pdfTeX

(/Users/mariajosezunigabasualto/Library/TinyTeX/texmf-dist/tex/latex/base/atver
yend-ltx.sty
Package: atveryend-ltx 2020/08/19 v1.0a Emulation of the original atvery packag
e
with kernel methods
)
\Fld@listcount=\count293
\c@bookmark@seq@number=\count294

(/Users/mariajosezunigabasualto/Library/TinyTeX/texmf-dist/tex/latex/rerunfilec
heck/rerunfilecheck.sty
Package: rerunfilecheck 2019/12/05 v1.9 Rerun checks for auxiliary files (HO)

(/Users/mariajosezunigabasualto/Library/TinyTeX/texmf-dist/tex/generic/uniqueco
unter/uniquecounter.sty
Package: uniquecounter 2019/12/15 v1.4 Provide unlimited unique counter (HO)
)
Package uniquecounter Info: New unique counter `rerunfilecheck' on input line 2
86.
))
(/Users/mariajosezunigabasualto/Library/TinyTeX/texmf-dist/tex/latex/beamer/bea
merbaserequires.sty
(/Users/mariajosezunigabasualto/Library/TinyTeX/texmf-dist/tex/latex/beamer/bea
merbasecompatibility.sty)
(/Users/mariajosezunigabasualto/Library/TinyTeX/texmf-dist/tex/latex/beamer/bea
merbasefont.sty
(/Users/mariajosezunigabasualto/Library/TinyTeX/texmf-dist/tex/latex/amsfonts/a
mssymb.sty
Package: amssymb 2013/01/14 v3.01 AMS font symbols

(/Users/mariajosezunigabasualto/Library/TinyTeX/texmf-dist/tex/latex/amsfonts/a
msfonts.sty
Package: amsfonts 2013/01/14 v3.01 Basic AMSFonts support
\@emptytoks=\toks27
\symAMSa=\mathgroup4
\symAMSb=\mathgroup5
LaTeX Font Info:    Redeclaring math symbol \hbar on input line 98.
LaTeX Font Info:    Overwriting math alphabet `\mathfrak' in version `bold'
(Font)                  U/euf/m/n --> U/euf/b/n on input line 106.
)))
(/Users/mariajosezunigabasualto/Library/TinyTeX/texmf-dist/tex/latex/beamer/bea
merbasetranslator.sty
(/Users/mariajosezunigabasualto/Library/TinyTeX/texmf-dist/tex/latex/translator
/translator.sty
Package: translator 2020-08-03 v1.12c Easy translation of strings in LaTeX
))
(/Users/mariajosezunigabasualto/Library/TinyTeX/texmf-dist/tex/latex/beamer/bea
merbasemisc.sty)
(/Users/mariajosezunigabasualto/Library/TinyTeX/texmf-dist/tex/latex/beamer/bea
merbasetwoscreens.sty)
(/Users/mariajosezunigabasualto/Library/TinyTeX/texmf-dist/tex/latex/beamer/bea
merbaseoverlay.sty
\beamer@argscount=\count295
\beamer@lastskipcover=\skip50
\beamer@trivlistdepth=\count296
)
(/Users/mariajosezunigabasualto/Library/TinyTeX/texmf-dist/tex/latex/beamer/bea
merbasetitle.sty)
(/Users/mariajosezunigabasualto/Library/TinyTeX/texmf-dist/tex/latex/beamer/bea
merbasesection.sty
\c@lecture=\count297
\c@part=\count298
\c@section=\count299
\c@subsection=\count300
\c@subsubsection=\count301
)
(/Users/mariajosezunigabasualto/Library/TinyTeX/texmf-dist/tex/latex/beamer/bea
merbaseframe.sty
\beamer@framebox=\box62
\beamer@frametitlebox=\box63
\beamer@zoombox=\box64
\beamer@zoomcount=\count302
\beamer@zoomframecount=\count303
\beamer@frametextheight=\dimen261
\c@subsectionslide=\count304
\beamer@frametopskip=\skip51
\beamer@framebottomskip=\skip52
\beamer@frametopskipautobreak=\skip53
\beamer@framebottomskipautobreak=\skip54
\beamer@envbody=\toks28
\framewidth=\dimen262
\c@framenumber=\count305
)
(/Users/mariajosezunigabasualto/Library/TinyTeX/texmf-dist/tex/latex/beamer/bea
merbaseverbatim.sty
\beamer@verbatimfileout=\write4
)
(/Users/mariajosezunigabasualto/Library/TinyTeX/texmf-dist/tex/latex/beamer/bea
merbaseframesize.sty
\beamer@splitbox=\box65
\beamer@autobreakcount=\count306
\beamer@autobreaklastheight=\dimen263
\beamer@frametitletoks=\toks29
\beamer@framesubtitletoks=\toks30
)
(/Users/mariajosezunigabasualto/Library/TinyTeX/texmf-dist/tex/latex/beamer/bea
merbaseframecomponents.sty
\beamer@footins=\box66
)
(/Users/mariajosezunigabasualto/Library/TinyTeX/texmf-dist/tex/latex/beamer/bea
merbasecolor.sty)
(/Users/mariajosezunigabasualto/Library/TinyTeX/texmf-dist/tex/latex/beamer/bea
merbasenotes.sty
\beamer@frameboxcopy=\box67
)
(/Users/mariajosezunigabasualto/Library/TinyTeX/texmf-dist/tex/latex/beamer/bea
merbasetoc.sty)
(/Users/mariajosezunigabasualto/Library/TinyTeX/texmf-dist/tex/latex/beamer/bea
merbasetemplates.sty
\beamer@sbttoks=\toks31

(/Users/mariajosezunigabasualto/Library/TinyTeX/texmf-dist/tex/latex/beamer/bea
merbaseauxtemplates.sty
(/Users/mariajosezunigabasualto/Library/TinyTeX/texmf-dist/tex/latex/beamer/bea
merbaseboxes.sty
\bmb@box=\box68
\bmb@colorbox=\box69
\bmb@boxwidth=\dimen264
\bmb@boxheight=\dimen265
\bmb@prevheight=\dimen266
\bmb@temp=\dimen267
\bmb@dima=\dimen268
\bmb@dimb=\dimen269
\bmb@prevheight=\dimen270
)
\beamer@blockheadheight=\dimen271
))
(/Users/mariajosezunigabasualto/Library/TinyTeX/texmf-dist/tex/latex/beamer/bea
merbaselocalstructure.sty
(/Users/mariajosezunigabasualto/Library/TinyTeX/texmf-dist/tex/latex/tools/enum
erate.sty
Package: enumerate 2015/07/23 v3.00 enumerate extensions (DPC)
\@enLab=\toks32
)
\beamer@bibiconwidth=\skip55
\c@figure=\count307
\c@table=\count308
\abovecaptionskip=\skip56
\belowcaptionskip=\skip57
)
(/Users/mariajosezunigabasualto/Library/TinyTeX/texmf-dist/tex/latex/beamer/bea
merbasenavigation.sty
\beamer@section@min@dim=\dimen272
)
(/Users/mariajosezunigabasualto/Library/TinyTeX/texmf-dist/tex/latex/beamer/bea
merbasetheorems.sty
(/Users/mariajosezunigabasualto/Library/TinyTeX/texmf-dist/tex/latex/amsmath/am
smath.sty
Package: amsmath 2020/09/23 v2.17i AMS math features
\@mathmargin=\skip58
For additional information on amsmath, use the `?' option.

(/Users/mariajosezunigabasualto/Library/TinyTeX/texmf-dist/tex/latex/amsmath/am
stext.sty
Package: amstext 2000/06/29 v2.01 AMS text

(/Users/mariajosezunigabasualto/Library/TinyTeX/texmf-dist/tex/latex/amsmath/am
sgen.sty
File: amsgen.sty 1999/11/30 v2.0 generic functions
\@emptytoks=\toks33
\ex@=\dimen273
))
(/Users/mariajosezunigabasualto/Library/TinyTeX/texmf-dist/tex/latex/amsmath/am
sbsy.sty
Package: amsbsy 1999/11/29 v1.2d Bold Symbols
\pmbraise@=\dimen274
)
(/Users/mariajosezunigabasualto/Library/TinyTeX/texmf-dist/tex/latex/amsmath/am
sopn.sty
Package: amsopn 2016/03/08 v2.02 operator names
)
\inf@bad=\count309
LaTeX Info: Redefining \frac on input line 234.
\uproot@=\count310
\leftroot@=\count311
LaTeX Info: Redefining \overline on input line 399.
\classnum@=\count312
\DOTSCASE@=\count313
LaTeX Info: Redefining \ldots on input line 496.
LaTeX Info: Redefining \dots on input line 499.
LaTeX Info: Redefining \cdots on input line 620.
\Mathstrutbox@=\box70
\strutbox@=\box71
\big@size=\dimen275
LaTeX Font Info:    Redeclaring font encoding OML on input line 743.
LaTeX Font Info:    Redeclaring font encoding OMS on input line 744.
\macc@depth=\count314
\c@MaxMatrixCols=\count315
\dotsspace@=\muskip17
\c@parentequation=\count316
\dspbrk@lvl=\count317
\tag@help=\toks34
\row@=\count318
\column@=\count319
\maxfields@=\count320
\andhelp@=\toks35
\eqnshift@=\dimen276
\alignsep@=\dimen277
\tagshift@=\dimen278
\tagwidth@=\dimen279
\totwidth@=\dimen280
\lineht@=\dimen281
\@envbody=\toks36
\multlinegap=\skip59
\multlinetaggap=\skip60
\mathdisplay@stack=\toks37
LaTeX Info: Redefining \[ on input line 2923.
LaTeX Info: Redefining \] on input line 2924.
)
(/Users/mariajosezunigabasualto/Library/TinyTeX/texmf-dist/tex/latex/amscls/ams
thm.sty
Package: amsthm 2020/05/29 v2.20.6
\thm@style=\toks38
\thm@bodyfont=\toks39
\thm@headfont=\toks40
\thm@notefont=\toks41
\thm@headpunct=\toks42
\thm@preskip=\skip61
\thm@postskip=\skip62
\thm@headsep=\skip63
\dth@everypar=\toks43
)
\c@theorem=\count321
)
(/Users/mariajosezunigabasualto/Library/TinyTeX/texmf-dist/tex/latex/beamer/bea
merbasethemes.sty))
(/Users/mariajosezunigabasualto/Library/TinyTeX/texmf-dist/tex/latex/beamer/bea
merthemedefault.sty
(/Users/mariajosezunigabasualto/Library/TinyTeX/texmf-dist/tex/latex/beamer/bea
merfontthemedefault.sty)
(/Users/mariajosezunigabasualto/Library/TinyTeX/texmf-dist/tex/latex/beamer/bea
mercolorthemedefault.sty)
(/Users/mariajosezunigabasualto/Library/TinyTeX/texmf-dist/tex/latex/beamer/bea
merinnerthemedefault.sty
\beamer@dima=\dimen282
\beamer@dimb=\dimen283
)
(/Users/mariajosezunigabasualto/Library/TinyTeX/texmf-dist/tex/latex/beamer/bea
merouterthemedefault.sty)))
(/Users/mariajosezunigabasualto/Library/TinyTeX/texmf-dist/tex/latex/pgf/utilit
ies/pgfpages.sty
Package: pgfpages 2011/01/05 ver 0.02

(/Users/mariajosezunigabasualto/Library/TinyTeX/texmf-dist/tex/latex/tools/calc
.sty
Package: calc 2017/05/25 v4.3 Infix arithmetic (KKT,FJ)
\calc@Acount=\count322
\calc@Bcount=\count323
\calc@Adimen=\dimen284
\calc@Bdimen=\dimen285
\calc@Askip=\skip64
\calc@Bskip=\skip65
LaTeX Info: Redefining \setlength on input line 80.
LaTeX Info: Redefining \addtolength on input line 81.
\calc@Ccount=\count324
\calc@Cskip=\skip66
)
\pgf@logicalpages=\count325
\pgf@firstshipout=\count326
\pgf@lastshipout=\count327
\pgf@currentshipout=\count328
\pgf@cpn=\count329
\pgf@shipoutnextto=\count330
\pgfphysicalheight=\dimen286
\pgfphysicalwidth=\dimen287
\pgfpages@shipoutbox=\box72
)
(/Users/mariajosezunigabasualto/Library/TinyTeX/texmf-dist/tex/latex/lm/lmodern
.sty
Package: lmodern 2009/10/30 v1.6 Latin Modern Fonts
LaTeX Font Info:    Overwriting symbol font `operators' in version `normal'
(Font)                  OT1/cmr/m/n --> OT1/lmr/m/n on input line 22.
LaTeX Font Info:    Overwriting symbol font `letters' in version `normal'
(Font)                  OML/cmm/m/it --> OML/lmm/m/it on input line 23.
LaTeX Font Info:    Overwriting symbol font `symbols' in version `normal'
(Font)                  OMS/cmsy/m/n --> OMS/lmsy/m/n on input line 24.
LaTeX Font Info:    Overwriting symbol font `largesymbols' in version `normal'
(Font)                  OMX/cmex/m/n --> OMX/lmex/m/n on input line 25.
LaTeX Font Info:    Overwriting symbol font `operators' in version `bold'
(Font)                  OT1/cmr/bx/n --> OT1/lmr/bx/n on input line 26.
LaTeX Font Info:    Overwriting symbol font `letters' in version `bold'
(Font)                  OML/cmm/b/it --> OML/lmm/b/it on input line 27.
LaTeX Font Info:    Overwriting symbol font `symbols' in version `bold'
(Font)                  OMS/cmsy/b/n --> OMS/lmsy/b/n on input line 28.
LaTeX Font Info:    Overwriting symbol font `largesymbols' in version `bold'
(Font)                  OMX/cmex/m/n --> OMX/lmex/m/n on input line 29.
LaTeX Font Info:    Overwriting math alphabet `\mathbf' in version `normal'
(Font)                  OT1/cmr/bx/n --> OT1/lmr/bx/n on input line 31.
LaTeX Font Info:    Overwriting math alphabet `\mathsf' in version `normal'
(Font)                  OT1/cmss/m/n --> OT1/lmss/m/n on input line 32.
LaTeX Font Info:    Overwriting math alphabet `\mathit' in version `normal'
(Font)                  OT1/cmr/m/it --> OT1/lmr/m/it on input line 33.
LaTeX Font Info:    Overwriting math alphabet `\mathtt' in version `normal'
(Font)                  OT1/cmtt/m/n --> OT1/lmtt/m/n on input line 34.
LaTeX Font Info:    Overwriting math alphabet `\mathbf' in version `bold'
(Font)                  OT1/cmr/bx/n --> OT1/lmr/bx/n on input line 35.
LaTeX Font Info:    Overwriting math alphabet `\mathsf' in version `bold'
(Font)                  OT1/cmss/bx/n --> OT1/lmss/bx/n on input line 36.
LaTeX Font Info:    Overwriting math alphabet `\mathit' in version `bold'
(Font)                  OT1/cmr/bx/it --> OT1/lmr/bx/it on input line 37.
LaTeX Font Info:    Overwriting math alphabet `\mathtt' in version `bold'
(Font)                  OT1/cmtt/m/n --> OT1/lmtt/m/n on input line 38.
)
(/Users/mariajosezunigabasualto/Library/TinyTeX/texmf-dist/tex/generic/iftex/if
xetex.sty
Package: ifxetex 2019/10/25 v0.7 ifxetex legacy package. Use iftex instead.
)
(/Users/mariajosezunigabasualto/Library/TinyTeX/texmf-dist/tex/generic/iftex/if
luatex.sty
Package: ifluatex 2019/10/25 v1.5 ifluatex legacy package. Use iftex instead.
)
(/Users/mariajosezunigabasualto/Library/TinyTeX/texmf-dist/tex/latex/base/fonte
nc.sty
Package: fontenc 2020/08/10 v2.0s Standard LaTeX package
LaTeX Font Info:    Trying to load font information for T1+lmss on input line 1
12.

(/Users/mariajosezunigabasualto/Library/TinyTeX/texmf-dist/tex/latex/lm/t1lmss.
fd
File: t1lmss.fd 2009/10/30 v1.6 Font defs for Latin Modern
))
(/Users/mariajosezunigabasualto/Library/TinyTeX/texmf-dist/tex/latex/base/input
enc.sty
Package: inputenc 2020/08/01 v1.3d Input encoding file
\inpenc@prehook=\toks44
\inpenc@posthook=\toks45
)
(/Users/mariajosezunigabasualto/Library/TinyTeX/texmf-dist/tex/latex/base/textc
omp.sty
Package: textcomp 2020/02/02 v2.0n Standard LaTeX package
)
(/Users/mariajosezunigabasualto/Library/TinyTeX/texmf-dist/tex/latex/beamer/bea
merthemeAntibes.sty
(/Users/mariajosezunigabasualto/Library/TinyTeX/texmf-dist/tex/latex/beamer/bea
merouterthemetree.sty)
(/Users/mariajosezunigabasualto/Library/TinyTeX/texmf-dist/tex/latex/beamer/bea
mercolorthemewhale.sty)
(/Users/mariajosezunigabasualto/Library/TinyTeX/texmf-dist/tex/latex/beamer/bea
mercolorthemeorchid.sty)
(/Users/mariajosezunigabasualto/Library/TinyTeX/texmf-dist/tex/latex/beamer/bea
merinnerthemerectangles.sty))
(/Users/mariajosezunigabasualto/Library/TinyTeX/texmf-dist/tex/latex/beamer/bea
mercolorthemerose.sty)
(/Users/mariajosezunigabasualto/Library/TinyTeX/texmf-dist/tex/latex/parskip/pa
rskip.sty
Package: parskip 2021-03-14 v2.0h non-zero parskip adjustments
)
(/Users/mariajosezunigabasualto/Library/TinyTeX/texmf-dist/tex/latex/tools/long
table.sty
Package: longtable 2020/01/07 v4.13 Multi-page Table package (DPC)
\LTleft=\skip67
\LTright=\skip68
\LTpre=\skip69
\LTpost=\skip70
\LTchunksize=\count331
\LTcapwidth=\dimen288
\LT@head=\box73
\LT@firsthead=\box74
\LT@foot=\box75
\LT@lastfoot=\box76
\LT@cols=\count332
\LT@rows=\count333
\c@LT@tables=\count334
\c@LT@chunks=\count335
\LT@p@ftn=\toks46
)
(/Users/mariajosezunigabasualto/Library/TinyTeX/texmf-dist/tex/latex/booktabs/b
ooktabs.sty
Package: booktabs 2020/01/12 v1.61803398 Publication quality tables
\heavyrulewidth=\dimen289
\lightrulewidth=\dimen290
\cmidrulewidth=\dimen291
\belowrulesep=\dimen292
\belowbottomsep=\dimen293
\aboverulesep=\dimen294
\abovetopsep=\dimen295
\cmidrulesep=\dimen296
\cmidrulekern=\dimen297
\defaultaddspace=\dimen298
\@cmidla=\count336
\@cmidlb=\count337
\@aboverulesep=\dimen299
\@belowrulesep=\dimen300
\@thisruleclass=\count338
\@lastruleclass=\count339
\@thisrulewidth=\dimen301
)
(/Users/mariajosezunigabasualto/Library/TinyTeX/texmf-dist/tex/latex/caption/ca
ption.sty
Package: caption 2020/10/26 v3.5g Customizing captions (AR)

(/Users/mariajosezunigabasualto/Library/TinyTeX/texmf-dist/tex/latex/caption/ca
ption3.sty
Package: caption3 2020/10/21 v2.2e caption3 kernel (AR)
\captionmargin=\dimen302
\captionmargin@=\dimen303
\captionwidth=\dimen304
\caption@tempdima=\dimen305
\caption@indent=\dimen306
\caption@parindent=\dimen307
\caption@hangindent=\dimen308
Package caption Info: beamer document class detected.

(/Users/mariajosezunigabasualto/Library/TinyTeX/texmf-dist/tex/latex/caption/ca
ption-beamer.sto
File: caption-beamer.sto 2020/08/22 v2.0 Adaption of the caption package to the
 beamer document classes (AR)
))
\c@caption@flags=\count340
\c@continuedfloat=\count341
Package caption Info: hyperref package is loaded.
Package caption Info: Hyperref support is turned off
(caption)             because hyperref has stopped early.
Package caption Info: longtable package is loaded.

(/Users/mariajosezunigabasualto/Library/TinyTeX/texmf-dist/tex/latex/caption/lt
caption.sty
Package: ltcaption 2020/05/30 v1.4b longtable captions (AR)
))
(/Users/mariajosezunigabasualto/Library/TinyTeX/texmf-dist/tex/latex/l3backend/
l3backend-pdftex.def
File: l3backend-pdftex.def 2021-03-18 L3 backend support: PDF output (pdfTeX)
\l__color_backend_stack_int=\count342
\l__pdf_internal_box=\box77
)
No file CCTPP_EstatusyCBA2021_sard_agosto2021.aux.
\openout1 = `CCTPP_EstatusyCBA2021_sard_agosto2021.aux'.

LaTeX Font Info:    Checking defaults for OML/cmm/m/it on input line 104.
LaTeX Font Info:    ... okay on input line 104.
LaTeX Font Info:    Checking defaults for OMS/cmsy/m/n on input line 104.
LaTeX Font Info:    ... okay on input line 104.
LaTeX Font Info:    Checking defaults for OT1/cmr/m/n on input line 104.
LaTeX Font Info:    ... okay on input line 104.
LaTeX Font Info:    Checking defaults for T1/cmr/m/n on input line 104.
LaTeX Font Info:    ... okay on input line 104.
LaTeX Font Info:    Checking defaults for TS1/cmr/m/n on input line 104.
LaTeX Font Info:    ... okay on input line 104.
LaTeX Font Info:    Checking defaults for OMX/cmex/m/n on input line 104.
LaTeX Font Info:    ... okay on input line 104.
LaTeX Font Info:    Checking defaults for U/cmr/m/n on input line 104.
LaTeX Font Info:    ... okay on input line 104.
LaTeX Font Info:    Checking defaults for PD1/pdf/m/n on input line 104.
LaTeX Font Info:    ... okay on input line 104.
LaTeX Font Info:    Checking defaults for PU/pdf/m/n on input line 104.
LaTeX Font Info:    ... okay on input line 104.
*geometry* driver: auto-detecting
*geometry* detected driver: pdftex
*geometry* verbose mode - [ preamble ] result:
* driver: pdftex
* paper: custom
* layout: <same size as paper>
* layoutoffset:(h,v)=(0.0pt,0.0pt)
* modes: includehead includefoot 
* h-part:(L,W,R)=(28.45274pt, 307.28987pt, 28.45274pt)
* v-part:(T,H,B)=(0.0pt, 273.14662pt, 0.0pt)
* \paperwidth=364.19536pt
* \paperheight=273.14662pt
* \textwidth=307.28987pt
* \textheight=244.6939pt
* \oddsidemargin=-43.81725pt
* \evensidemargin=-43.81725pt
* \topmargin=-72.26999pt
* \headheight=14.22636pt
* \headsep=0.0pt
* \topskip=11.0pt
* \footskip=14.22636pt
* \marginparwidth=4.0pt
* \marginparsep=10.0pt
* \columnsep=10.0pt
* \skip\footins=10.0pt plus 4.0pt minus 2.0pt
* \hoffset=0.0pt
* \voffset=0.0pt
* \mag=1000
* \@twocolumnfalse
* \@twosidefalse
* \@mparswitchfalse
* \@reversemarginfalse
* (1in=72.27pt=25.4mm, 1cm=28.453pt)


(/Users/mariajosezunigabasualto/Library/TinyTeX/texmf-dist/tex/latex/epstopdf-p
kg/epstopdf-base.sty
Package: epstopdf-base 2020-01-24 v2.11 Base part for package epstopdf
Package epstopdf-base Info: Redefining graphics rule for `.eps' on input line 4
85.

(/Users/mariajosezunigabasualto/Library/TinyTeX/texmf-dist/tex/latex/latexconfi
g/epstopdf-sys.cfg
File: epstopdf-sys.cfg 2010/07/13 v1.3 Configuration of (r)epstopdf for TeX Liv
e
))
Package hyperref Info: Link coloring OFF on input line 104.

(/Users/mariajosezunigabasualto/Library/TinyTeX/texmf-dist/tex/latex/hyperref/n
ameref.sty
Package: nameref 2021-04-02 v2.47 Cross-referencing by name of section

(/Users/mariajosezunigabasualto/Library/TinyTeX/texmf-dist/tex/latex/refcount/r
efcount.sty
Package: refcount 2019/12/15 v3.6 Data extraction from label references (HO)
)
(/Users/mariajosezunigabasualto/Library/TinyTeX/texmf-dist/tex/generic/gettitle
string/gettitlestring.sty
Package: gettitlestring 2019/12/15 v1.6 Cleanup title references (HO)
)
\c@section@level=\count343
)
LaTeX Info: Redefining \ref on input line 104.
LaTeX Info: Redefining \pageref on input line 104.
LaTeX Info: Redefining \nameref on input line 104.
\@outlinefile=\write5
\openout5 = `CCTPP_EstatusyCBA2021_sard_agosto2021.out'.

LaTeX Font Info:    Overwriting symbol font `operators' in version `normal'
(Font)                  OT1/lmr/m/n --> OT1/cmss/m/n on input line 104.
LaTeX Font Info:    Overwriting symbol font `operators' in version `bold'
(Font)                  OT1/lmr/bx/n --> OT1/cmss/b/n on input line 104.
LaTeX Font Info:    Overwriting symbol font `operators' in version `normal'
(Font)                  OT1/cmss/m/n --> OT1/lmss/m/n on input line 104.
LaTeX Font Info:    Overwriting symbol font `operators' in version `bold'
(Font)                  OT1/cmss/b/n --> OT1/lmss/b/n on input line 104.
\symnumbers=\mathgroup6
\sympureletters=\mathgroup7
LaTeX Font Info:    Overwriting math alphabet `\mathrm' in version `normal'
(Font)                  OT1/lmss/m/n --> T1/lmr/m/n on input line 104.
LaTeX Font Info:    Redeclaring math alphabet \mathbf on input line 104.
LaTeX Font Info:    Overwriting math alphabet `\mathbf' in version `normal'
(Font)                  OT1/lmr/bx/n --> T1/lmss/b/n on input line 104.
LaTeX Font Info:    Overwriting math alphabet `\mathbf' in version `bold'
(Font)                  OT1/lmr/bx/n --> T1/lmss/b/n on input line 104.
LaTeX Font Info:    Redeclaring math alphabet \mathsf on input line 104.
LaTeX Font Info:    Overwriting math alphabet `\mathsf' in version `normal'
(Font)                  OT1/lmss/m/n --> T1/lmss/m/n on input line 104.
LaTeX Font Info:    Overwriting math alphabet `\mathsf' in version `bold'
(Font)                  OT1/lmss/bx/n --> T1/lmss/m/n on input line 104.
LaTeX Font Info:    Redeclaring math alphabet \mathit on input line 104.
LaTeX Font Info:    Overwriting math alphabet `\mathit' in version `normal'
(Font)                  OT1/lmr/m/it --> T1/lmss/m/it on input line 104.
LaTeX Font Info:    Overwriting math alphabet `\mathit' in version `bold'
(Font)                  OT1/lmr/bx/it --> T1/lmss/m/it on input line 104.
LaTeX Font Info:    Redeclaring math alphabet \mathtt on input line 104.
LaTeX Font Info:    Overwriting math alphabet `\mathtt' in version `normal'
(Font)                  OT1/lmtt/m/n --> T1/lmtt/m/n on input line 104.
LaTeX Font Info:    Overwriting math alphabet `\mathtt' in version `bold'
(Font)                  OT1/lmtt/m/n --> T1/lmtt/m/n on input line 104.
LaTeX Font Info:    Overwriting symbol font `numbers' in version `bold'
(Font)                  T1/lmss/m/n --> T1/lmss/b/n on input line 104.
LaTeX Font Info:    Overwriting symbol font `pureletters' in version `bold'
(Font)                  T1/lmss/m/it --> T1/lmss/b/it on input line 104.
LaTeX Font Info:    Overwriting math alphabet `\mathrm' in version `bold'
(Font)                  OT1/lmss/b/n --> T1/lmr/b/n on input line 104.
LaTeX Font Info:    Overwriting math alphabet `\mathbf' in version `bold'
(Font)                  T1/lmss/b/n --> T1/lmss/b/n on input line 104.
LaTeX Font Info:    Overwriting math alphabet `\mathsf' in version `bold'
(Font)                  T1/lmss/m/n --> T1/lmss/b/n on input line 104.
LaTeX Font Info:    Overwriting math alphabet `\mathit' in version `bold'
(Font)                  T1/lmss/m/it --> T1/lmss/b/it on input line 104.
LaTeX Font Info:    Overwriting math alphabet `\mathtt' in version `bold'
(Font)                  T1/lmtt/m/n --> T1/lmtt/b/n on input line 104.

(/Users/mariajosezunigabasualto/Library/TinyTeX/texmf-dist/tex/latex/translator
/translator-basic-dictionary-English.dict
Dictionary: translator-basic-dictionary, Language: English 
)
(/Users/mariajosezunigabasualto/Library/TinyTeX/texmf-dist/tex/latex/translator
/translator-bibliography-dictionary-English.dict
Dictionary: translator-bibliography-dictionary, Language: English 
)
(/Users/mariajosezunigabasualto/Library/TinyTeX/texmf-dist/tex/latex/translator
/translator-environment-dictionary-English.dict
Dictionary: translator-environment-dictionary, Language: English 
)
(/Users/mariajosezunigabasualto/Library/TinyTeX/texmf-dist/tex/latex/translator
/translator-months-dictionary-English.dict
Dictionary: translator-months-dictionary, Language: English 
)
(/Users/mariajosezunigabasualto/Library/TinyTeX/texmf-dist/tex/latex/translator
/translator-numbers-dictionary-English.dict
Dictionary: translator-numbers-dictionary, Language: English 
)
(/Users/mariajosezunigabasualto/Library/TinyTeX/texmf-dist/tex/latex/translator
/translator-theorem-dictionary-English.dict
Dictionary: translator-theorem-dictionary, Language: English 
)
Package caption Info: Begin \AtBeginDocument code.
Package caption Info: End \AtBeginDocument code.
No file CCTPP_EstatusyCBA2021_sard_agosto2021.nav.

Overfull \hbox (20.59479pt too wide) in paragraph at lines 104--104
 [][][][]  
 []

LaTeX Font Info:    Trying to load font information for TS1+lmss on input line 
105.

(/Users/mariajosezunigabasualto/Library/TinyTeX/texmf-dist/tex/latex/lm/ts1lmss
.fd
File: ts1lmss.fd 2009/10/30 v1.6 Font defs for Latin Modern
)
Overfull \hbox (20.59479pt too wide) has occurred while \output is active
 [][][][]  
 []

[1{/Users/mariajosezunigabasualto/Library/TinyTeX/texmf-var/fonts/map/pdftex/up
dmap/pdftex.map}

]

LaTeX Warning: File `FigurasInforme_Marzo/Figura14.png' not found on input line
 112.


! Package pdftex.def Error: File `FigurasInforme_Marzo/Figura14.png' not found:
 using draft setting.

See the pdftex.def package documentation for explanation.
Type  H <return>  for immediate help.
 ...                                              
                                                  
l.112 \end{frame}
                  
Here is how much of TeX's memory you used:
 21917 strings out of 480990
 417066 string characters out of 5906108
 703090 words of memory out of 5000000
 38629 multiletter control sequences out of 15000+600000
 418272 words of font info for 35 fonts, out of 8000000 for 9000
 14 hyphenation exceptions out of 8191
 112i,14n,116p,542b,455s stack positions out of 5000i,500n,10000p,200000b,80000s

!  ==> Fatal error occurred, no output PDF file produced!
