This is pdfTeX, Version 3.14159265-2.6-1.40.21 (TeX Live 2020) (preloaded format=pdflatex 2021.3.22)  31 MAY 2021 22:38
entering extended mode
 restricted \write18 enabled.
 %&-line parsing enabled.
**Salidas_InformeFinal.tex
(./Salidas_InformeFinal.tex
LaTeX2e <2020-10-01> patch level 4
L3 programming layer <2021-02-18>
(/Users/mariajosezunigabasualto/Library/TinyTeX/texmf-dist/tex/latex/base/artic
le.cls
Document Class: article 2020/04/10 v1.4m Standard LaTeX document class

(/Users/mariajosezunigabasualto/Library/TinyTeX/texmf-dist/tex/latex/base/size1
0.clo
File: size10.clo 2020/04/10 v1.4m Standard LaTeX file (size option)
)
\c@part=\count179
\c@section=\count180
\c@subsection=\count181
\c@subsubsection=\count182
\c@paragraph=\count183
\c@subparagraph=\count184
\c@figure=\count185
\c@table=\count186
\abovecaptionskip=\skip47
\belowcaptionskip=\skip48
\bibindent=\dimen138
)
(/Users/mariajosezunigabasualto/Library/TinyTeX/texmf-dist/tex/latex/lm/lmodern
.sty
Package: lmodern 2009/10/30 v1.6 Latin Modern Fonts
LaTeX Font Info:    Overwriting symbol font `operators' in version `normal'
(Font)                  OT1/cmr/m/n --> OT1/lmr/m/n on input line 22.
LaTeX Font Info:    Overwriting symbol font `letters' in version `normal'
(Font)                  OML/cmm/m/it --> OML/lmm/m/it on input line 23.
LaTeX Font Info:    Overwriting symbol font `symbols' in version `normal'
(Font)                  OMS/cmsy/m/n --> OMS/lmsy/m/n on input line 24.
LaTeX Font Info:    Overwriting symbol font `largesymbols' in version `normal'
(Font)                  OMX/cmex/m/n --> OMX/lmex/m/n on input line 25.
LaTeX Font Info:    Overwriting symbol font `operators' in version `bold'
(Font)                  OT1/cmr/bx/n --> OT1/lmr/bx/n on input line 26.
LaTeX Font Info:    Overwriting symbol font `letters' in version `bold'
(Font)                  OML/cmm/b/it --> OML/lmm/b/it on input line 27.
LaTeX Font Info:    Overwriting symbol font `symbols' in version `bold'
(Font)                  OMS/cmsy/b/n --> OMS/lmsy/b/n on input line 28.
LaTeX Font Info:    Overwriting symbol font `largesymbols' in version `bold'
(Font)                  OMX/cmex/m/n --> OMX/lmex/m/n on input line 29.
LaTeX Font Info:    Overwriting math alphabet `\mathbf' in version `normal'
(Font)                  OT1/cmr/bx/n --> OT1/lmr/bx/n on input line 31.
LaTeX Font Info:    Overwriting math alphabet `\mathsf' in version `normal'
(Font)                  OT1/cmss/m/n --> OT1/lmss/m/n on input line 32.
LaTeX Font Info:    Overwriting math alphabet `\mathit' in version `normal'
(Font)                  OT1/cmr/m/it --> OT1/lmr/m/it on input line 33.
LaTeX Font Info:    Overwriting math alphabet `\mathtt' in version `normal'
(Font)                  OT1/cmtt/m/n --> OT1/lmtt/m/n on input line 34.
LaTeX Font Info:    Overwriting math alphabet `\mathbf' in version `bold'
(Font)                  OT1/cmr/bx/n --> OT1/lmr/bx/n on input line 35.
LaTeX Font Info:    Overwriting math alphabet `\mathsf' in version `bold'
(Font)                  OT1/cmss/bx/n --> OT1/lmss/bx/n on input line 36.
LaTeX Font Info:    Overwriting math alphabet `\mathit' in version `bold'
(Font)                  OT1/cmr/bx/it --> OT1/lmr/bx/it on input line 37.
LaTeX Font Info:    Overwriting math alphabet `\mathtt' in version `bold'
(Font)                  OT1/cmtt/m/n --> OT1/lmtt/m/n on input line 38.
)
(/Users/mariajosezunigabasualto/Library/TinyTeX/texmf-dist/tex/latex/amsfonts/a
mssymb.sty
Package: amssymb 2013/01/14 v3.01 AMS font symbols

(/Users/mariajosezunigabasualto/Library/TinyTeX/texmf-dist/tex/latex/amsfonts/a
msfonts.sty
Package: amsfonts 2013/01/14 v3.01 Basic AMSFonts support
\@emptytoks=\toks15
\symAMSa=\mathgroup4
\symAMSb=\mathgroup5
LaTeX Font Info:    Redeclaring math symbol \hbar on input line 98.
LaTeX Font Info:    Overwriting math alphabet `\mathfrak' in version `bold'
(Font)                  U/euf/m/n --> U/euf/b/n on input line 106.
))
(/Users/mariajosezunigabasualto/Library/TinyTeX/texmf-dist/tex/latex/amsmath/am
smath.sty
Package: amsmath 2020/09/23 v2.17i AMS math features
\@mathmargin=\skip49
For additional information on amsmath, use the `?' option.

(/Users/mariajosezunigabasualto/Library/TinyTeX/texmf-dist/tex/latex/amsmath/am
stext.sty
Package: amstext 2000/06/29 v2.01 AMS text

(/Users/mariajosezunigabasualto/Library/TinyTeX/texmf-dist/tex/latex/amsmath/am
sgen.sty
File: amsgen.sty 1999/11/30 v2.0 generic functions
\@emptytoks=\toks16
\ex@=\dimen139
))
(/Users/mariajosezunigabasualto/Library/TinyTeX/texmf-dist/tex/latex/amsmath/am
sbsy.sty
Package: amsbsy 1999/11/29 v1.2d Bold Symbols
\pmbraise@=\dimen140
)
(/Users/mariajosezunigabasualto/Library/TinyTeX/texmf-dist/tex/latex/amsmath/am
sopn.sty
Package: amsopn 2016/03/08 v2.02 operator names
)
\inf@bad=\count187
LaTeX Info: Redefining \frac on input line 234.
\uproot@=\count188
\leftroot@=\count189
LaTeX Info: Redefining \overline on input line 399.
\classnum@=\count190
\DOTSCASE@=\count191
LaTeX Info: Redefining \ldots on input line 496.
LaTeX Info: Redefining \dots on input line 499.
LaTeX Info: Redefining \cdots on input line 620.
\Mathstrutbox@=\box47
\strutbox@=\box48
\big@size=\dimen141
LaTeX Font Info:    Redeclaring font encoding OML on input line 743.
LaTeX Font Info:    Redeclaring font encoding OMS on input line 744.
\macc@depth=\count192
\c@MaxMatrixCols=\count193
\dotsspace@=\muskip16
\c@parentequation=\count194
\dspbrk@lvl=\count195
\tag@help=\toks17
\row@=\count196
\column@=\count197
\maxfields@=\count198
\andhelp@=\toks18
\eqnshift@=\dimen142
\alignsep@=\dimen143
\tagshift@=\dimen144
\tagwidth@=\dimen145
\totwidth@=\dimen146
\lineht@=\dimen147
\@envbody=\toks19
\multlinegap=\skip50
\multlinetaggap=\skip51
\mathdisplay@stack=\toks20
LaTeX Info: Redefining \[ on input line 2923.
LaTeX Info: Redefining \] on input line 2924.
)
(/Users/mariajosezunigabasualto/Library/TinyTeX/texmf-dist/tex/generic/iftex/if
xetex.sty
Package: ifxetex 2019/10/25 v0.7 ifxetex legacy package. Use iftex instead.

(/Users/mariajosezunigabasualto/Library/TinyTeX/texmf-dist/tex/generic/iftex/if
tex.sty
Package: iftex 2020/03/06 v1.0d TeX engine tests
))
(/Users/mariajosezunigabasualto/Library/TinyTeX/texmf-dist/tex/generic/iftex/if
luatex.sty
Package: ifluatex 2019/10/25 v1.5 ifluatex legacy package. Use iftex instead.
)
(/Users/mariajosezunigabasualto/Library/TinyTeX/texmf-dist/tex/latex/base/fonte
nc.sty
Package: fontenc 2020/08/10 v2.0s Standard LaTeX package
LaTeX Font Info:    Trying to load font information for T1+lmr on input line 11
2.

(/Users/mariajosezunigabasualto/Library/TinyTeX/texmf-dist/tex/latex/lm/t1lmr.f
d
File: t1lmr.fd 2009/10/30 v1.6 Font defs for Latin Modern
))
(/Users/mariajosezunigabasualto/Library/TinyTeX/texmf-dist/tex/latex/base/input
enc.sty
Package: inputenc 2020/08/01 v1.3d Input encoding file
\inpenc@prehook=\toks21
\inpenc@posthook=\toks22
)
(/Users/mariajosezunigabasualto/Library/TinyTeX/texmf-dist/tex/latex/base/textc
omp.sty
Package: textcomp 2020/02/02 v2.0n Standard LaTeX package
)
(/Users/mariajosezunigabasualto/Library/TinyTeX/texmf-dist/tex/latex/parskip/pa
rskip.sty
Package: parskip 2021-03-14 v2.0h non-zero parskip adjustments

(/Users/mariajosezunigabasualto/Library/TinyTeX/texmf-dist/tex/latex/kvoptions/
kvoptions.sty
Package: kvoptions 2020-10-07 v3.14 Key value format for package options (HO)

(/Users/mariajosezunigabasualto/Library/TinyTeX/texmf-dist/tex/latex/graphics/k
eyval.sty
Package: keyval 2014/10/28 v1.15 key=value parser (DPC)
\KV@toks@=\toks23
)
(/Users/mariajosezunigabasualto/Library/TinyTeX/texmf-dist/tex/generic/ltxcmds/
ltxcmds.sty
Package: ltxcmds 2020-05-10 v1.25 LaTeX kernel commands for general use (HO)
)
(/Users/mariajosezunigabasualto/Library/TinyTeX/texmf-dist/tex/generic/kvsetkey
s/kvsetkeys.sty
Package: kvsetkeys 2019/12/15 v1.18 Key value parser (HO)
))
(/Users/mariajosezunigabasualto/Library/TinyTeX/texmf-dist/tex/latex/etoolbox/e
toolbox.sty
Package: etoolbox 2020/10/05 v2.5k e-TeX tools for LaTeX (JAW)
\etb@tempcnta=\count199
))
(/Users/mariajosezunigabasualto/Library/TinyTeX/texmf-dist/tex/latex/xcolor/xco
lor.sty
Package: xcolor 2016/05/11 v2.12 LaTeX color extensions (UK)

(/Users/mariajosezunigabasualto/Library/TinyTeX/texmf-dist/tex/latex/graphics-c
fg/color.cfg
File: color.cfg 2016/01/02 v1.6 sample color configuration
)
Package xcolor Info: Driver file: pdftex.def on input line 225.

(/Users/mariajosezunigabasualto/Library/TinyTeX/texmf-dist/tex/latex/graphics-d
ef/pdftex.def
File: pdftex.def 2020/10/05 v1.2a Graphics/color driver for pdftex
)
Package xcolor Info: Model `cmy' substituted by `cmy0' on input line 1348.
Package xcolor Info: Model `hsb' substituted by `rgb' on input line 1352.
Package xcolor Info: Model `RGB' extended on input line 1364.
Package xcolor Info: Model `HTML' substituted by `rgb' on input line 1366.
Package xcolor Info: Model `Hsb' substituted by `hsb' on input line 1367.
Package xcolor Info: Model `tHsb' substituted by `hsb' on input line 1368.
Package xcolor Info: Model `HSB' substituted by `hsb' on input line 1369.
Package xcolor Info: Model `Gray' substituted by `gray' on input line 1370.
Package xcolor Info: Model `wave' substituted by `hsb' on input line 1371.
)
(/Users/mariajosezunigabasualto/Library/TinyTeX/texmf-dist/tex/latex/hyperref/h
yperref.sty
Package: hyperref 2021-02-27 v7.00k Hypertext links for LaTeX

(/Users/mariajosezunigabasualto/Library/TinyTeX/texmf-dist/tex/generic/pdftexcm
ds/pdftexcmds.sty
Package: pdftexcmds 2020-06-27 v0.33 Utility functions of pdfTeX for LuaTeX (HO
)

(/Users/mariajosezunigabasualto/Library/TinyTeX/texmf-dist/tex/generic/infwarer
r/infwarerr.sty
Package: infwarerr 2019/12/03 v1.5 Providing info/warning/error messages (HO)
)
Package pdftexcmds Info: \pdf@primitive is available.
Package pdftexcmds Info: \pdf@ifprimitive is available.
Package pdftexcmds Info: \pdfdraftmode found.
)
(/Users/mariajosezunigabasualto/Library/TinyTeX/texmf-dist/tex/generic/kvdefine
keys/kvdefinekeys.sty
Package: kvdefinekeys 2019-12-19 v1.6 Define keys (HO)
)
(/Users/mariajosezunigabasualto/Library/TinyTeX/texmf-dist/tex/generic/pdfescap
e/pdfescape.sty
Package: pdfescape 2019/12/09 v1.15 Implements pdfTeX's escape features (HO)
)
(/Users/mariajosezunigabasualto/Library/TinyTeX/texmf-dist/tex/latex/hycolor/hy
color.sty
Package: hycolor 2020-01-27 v1.10 Color options for hyperref/bookmark (HO)
)
(/Users/mariajosezunigabasualto/Library/TinyTeX/texmf-dist/tex/latex/letltxmacr
o/letltxmacro.sty
Package: letltxmacro 2019/12/03 v1.6 Let assignment for LaTeX macros (HO)
)
(/Users/mariajosezunigabasualto/Library/TinyTeX/texmf-dist/tex/latex/auxhook/au
xhook.sty
Package: auxhook 2019-12-17 v1.6 Hooks for auxiliary files (HO)
)
\@linkdim=\dimen148
\Hy@linkcounter=\count266
\Hy@pagecounter=\count267

(/Users/mariajosezunigabasualto/Library/TinyTeX/texmf-dist/tex/latex/hyperref/p
d1enc.def
File: pd1enc.def 2021-02-27 v7.00k Hyperref: PDFDocEncoding definition (HO)
Now handling font encoding PD1 ...
... no UTF-8 mapping file for font encoding PD1
)
(/Users/mariajosezunigabasualto/Library/TinyTeX/texmf-dist/tex/latex/hyperref/h
yperref-langpatches.def
File: hyperref-langpatches.def 2021-02-27 v7.00k Hyperref: patches for babel la
nguages
)
(/Users/mariajosezunigabasualto/Library/TinyTeX/texmf-dist/tex/generic/intcalc/
intcalc.sty
Package: intcalc 2019/12/15 v1.3 Expandable calculations with integers (HO)
)
(/Users/mariajosezunigabasualto/Library/TinyTeX/texmf-dist/tex/generic/etexcmds
/etexcmds.sty
Package: etexcmds 2019/12/15 v1.7 Avoid name clashes with e-TeX commands (HO)
)
\Hy@SavedSpaceFactor=\count268

(/Users/mariajosezunigabasualto/Library/TinyTeX/texmf-dist/tex/latex/hyperref/p
uenc.def
File: puenc.def 2021-02-27 v7.00k Hyperref: PDF Unicode definition (HO)
Now handling font encoding PU ...
... no UTF-8 mapping file for font encoding PU
)
Package hyperref Info: Option `unicode' set `true' on input line 4073.
Package hyperref Info: Hyper figures OFF on input line 4192.
Package hyperref Info: Link nesting OFF on input line 4197.
Package hyperref Info: Hyper index ON on input line 4200.
Package hyperref Info: Plain pages OFF on input line 4207.
Package hyperref Info: Backreferencing OFF on input line 4212.
Package hyperref Info: Implicit mode ON; LaTeX internals redefined.
Package hyperref Info: Bookmarks ON on input line 4445.
\c@Hy@tempcnt=\count269

(/Users/mariajosezunigabasualto/Library/TinyTeX/texmf-dist/tex/latex/url/url.st
y
\Urlmuskip=\muskip17
Package: url 2013/09/16  ver 3.4  Verb mode for urls, etc.
)
LaTeX Info: Redefining \url on input line 4804.
\XeTeXLinkMargin=\dimen149

(/Users/mariajosezunigabasualto/Library/TinyTeX/texmf-dist/tex/generic/bitset/b
itset.sty
Package: bitset 2019/12/09 v1.3 Handle bit-vector datatype (HO)

(/Users/mariajosezunigabasualto/Library/TinyTeX/texmf-dist/tex/generic/bigintca
lc/bigintcalc.sty
Package: bigintcalc 2019/12/15 v1.5 Expandable calculations on big integers (HO
)
))
\Fld@menulength=\count270
\Field@Width=\dimen150
\Fld@charsize=\dimen151
Package hyperref Info: Hyper figures OFF on input line 6075.
Package hyperref Info: Link nesting OFF on input line 6080.
Package hyperref Info: Hyper index ON on input line 6083.
Package hyperref Info: backreferencing OFF on input line 6090.
Package hyperref Info: Link coloring OFF on input line 6095.
Package hyperref Info: Link coloring with OCG OFF on input line 6100.
Package hyperref Info: PDF/A mode OFF on input line 6105.
LaTeX Info: Redefining \ref on input line 6145.
LaTeX Info: Redefining \pageref on input line 6149.

(/Users/mariajosezunigabasualto/Library/TinyTeX/texmf-dist/tex/latex/base/atbeg
shi-ltx.sty
Package: atbegshi-ltx 2020/08/17 v1.0a Emulation of the original atbegshi packa
ge
with kernel methods
)
\Hy@abspage=\count271
\c@Item=\count272
\c@Hfootnote=\count273
)
Package hyperref Info: Driver (autodetected): hpdftex.

(/Users/mariajosezunigabasualto/Library/TinyTeX/texmf-dist/tex/latex/hyperref/h
pdftex.def
File: hpdftex.def 2021-02-27 v7.00k Hyperref driver for pdfTeX

(/Users/mariajosezunigabasualto/Library/TinyTeX/texmf-dist/tex/latex/base/atver
yend-ltx.sty
Package: atveryend-ltx 2020/08/19 v1.0a Emulation of the original atvery packag
e
with kernel methods
)
\Fld@listcount=\count274
\c@bookmark@seq@number=\count275

(/Users/mariajosezunigabasualto/Library/TinyTeX/texmf-dist/tex/latex/rerunfilec
heck/rerunfilecheck.sty
Package: rerunfilecheck 2019/12/05 v1.9 Rerun checks for auxiliary files (HO)

(/Users/mariajosezunigabasualto/Library/TinyTeX/texmf-dist/tex/generic/uniqueco
unter/uniquecounter.sty
Package: uniquecounter 2019/12/15 v1.4 Provide unlimited unique counter (HO)
)
Package uniquecounter Info: New unique counter `rerunfilecheck' on input line 2
86.
)
\Hy@SectionHShift=\skip52
)
(/Users/mariajosezunigabasualto/Library/TinyTeX/texmf-dist/tex/latex/geometry/g
eometry.sty
Package: geometry 2020/01/02 v5.9 Page Geometry

(/Users/mariajosezunigabasualto/Library/TinyTeX/texmf-dist/tex/generic/iftex/if
vtex.sty
Package: ifvtex 2019/10/25 v1.7 ifvtex legacy package. Use iftex instead.
)
\Gm@cnth=\count276
\Gm@cntv=\count277
\c@Gm@tempcnt=\count278
\Gm@bindingoffset=\dimen152
\Gm@wd@mp=\dimen153
\Gm@odd@mp=\dimen154
\Gm@even@mp=\dimen155
\Gm@layoutwidth=\dimen156
\Gm@layoutheight=\dimen157
\Gm@layouthoffset=\dimen158
\Gm@layoutvoffset=\dimen159
\Gm@dimlist=\toks24
)
(/Users/mariajosezunigabasualto/Library/TinyTeX/texmf-dist/tex/latex/fancyvrb/f
ancyvrb.sty
Package: fancyvrb 2021/01/20 v3.7 verbatim text (tvz,hv)
\FV@CodeLineNo=\count279
\FV@InFile=\read2
\FV@TabBox=\box49
\c@FancyVerbLine=\count280
\FV@StepNumber=\count281
\FV@OutFile=\write3
)
(/Users/mariajosezunigabasualto/Library/TinyTeX/texmf-dist/tex/latex/framed/fra
med.sty
Package: framed 2011/10/22 v 0.96: framed or shaded text with page breaks
\OuterFrameSep=\skip53
\fb@frw=\dimen160
\fb@frh=\dimen161
\FrameRule=\dimen162
\FrameSep=\dimen163
)
(/Users/mariajosezunigabasualto/Library/TinyTeX/texmf-dist/tex/latex/tools/long
table.sty
Package: longtable 2020/01/07 v4.13 Multi-page Table package (DPC)
\LTleft=\skip54
\LTright=\skip55
\LTpre=\skip56
\LTpost=\skip57
\LTchunksize=\count282
\LTcapwidth=\dimen164
\LT@head=\box50
\LT@firsthead=\box51
\LT@foot=\box52
\LT@lastfoot=\box53
\LT@cols=\count283
\LT@rows=\count284
\c@LT@tables=\count285
\c@LT@chunks=\count286
\LT@p@ftn=\toks25
)
(/Users/mariajosezunigabasualto/Library/TinyTeX/texmf-dist/tex/latex/booktabs/b
ooktabs.sty
Package: booktabs 2020/01/12 v1.61803398 Publication quality tables
\heavyrulewidth=\dimen165
\lightrulewidth=\dimen166
\cmidrulewidth=\dimen167
\belowrulesep=\dimen168
\belowbottomsep=\dimen169
\aboverulesep=\dimen170
\abovetopsep=\dimen171
\cmidrulesep=\dimen172
\cmidrulekern=\dimen173
\defaultaddspace=\dimen174
\@cmidla=\count287
\@cmidlb=\count288
\@aboverulesep=\dimen175
\@belowrulesep=\dimen176
\@thisruleclass=\count289
\@lastruleclass=\count290
\@thisrulewidth=\dimen177
)
(/Users/mariajosezunigabasualto/Library/TinyTeX/texmf-dist/tex/latex/mdwtools/f
ootnote.sty
Package: footnote 1997/01/28 1.13 Save footnotes around boxes
\fn@notes=\box54
\fn@width=\dimen178
)
(/Users/mariajosezunigabasualto/Library/TinyTeX/texmf-dist/tex/latex/graphics/g
raphicx.sty
Package: graphicx 2020/09/09 v1.2b Enhanced LaTeX Graphics (DPC,SPQR)

(/Users/mariajosezunigabasualto/Library/TinyTeX/texmf-dist/tex/latex/graphics/g
raphics.sty
Package: graphics 2020/08/30 v1.4c Standard LaTeX Graphics (DPC,SPQR)

(/Users/mariajosezunigabasualto/Library/TinyTeX/texmf-dist/tex/latex/graphics/t
rig.sty
Package: trig 2016/01/03 v1.10 sin cos tan (DPC)
)
(/Users/mariajosezunigabasualto/Library/TinyTeX/texmf-dist/tex/latex/graphics-c
fg/graphics.cfg
File: graphics.cfg 2016/06/04 v1.11 sample graphics configuration
)
Package graphics Info: Driver file: pdftex.def on input line 105.
)
\Gin@req@height=\dimen179
\Gin@req@width=\dimen180
)
(/Users/mariajosezunigabasualto/Library/TinyTeX/texmf-dist/tex/latex/l3backend/
l3backend-pdftex.def
File: l3backend-pdftex.def 2021-03-18 L3 backend support: PDF output (pdfTeX)
\l__color_backend_stack_int=\count291
\l__pdf_internal_box=\box55
) (./Salidas_InformeFinal.aux)
\openout1 = `Salidas_InformeFinal.aux'.

LaTeX Font Info:    Checking defaults for OML/cmm/m/it on input line 115.
LaTeX Font Info:    ... okay on input line 115.
LaTeX Font Info:    Checking defaults for OMS/cmsy/m/n on input line 115.
LaTeX Font Info:    ... okay on input line 115.
LaTeX Font Info:    Checking defaults for OT1/cmr/m/n on input line 115.
LaTeX Font Info:    ... okay on input line 115.
LaTeX Font Info:    Checking defaults for T1/cmr/m/n on input line 115.
LaTeX Font Info:    ... okay on input line 115.
LaTeX Font Info:    Checking defaults for TS1/cmr/m/n on input line 115.
LaTeX Font Info:    ... okay on input line 115.
LaTeX Font Info:    Checking defaults for OMX/cmex/m/n on input line 115.
LaTeX Font Info:    ... okay on input line 115.
LaTeX Font Info:    Checking defaults for U/cmr/m/n on input line 115.
LaTeX Font Info:    ... okay on input line 115.
LaTeX Font Info:    Checking defaults for PD1/pdf/m/n on input line 115.
LaTeX Font Info:    ... okay on input line 115.
LaTeX Font Info:    Checking defaults for PU/pdf/m/n on input line 115.
LaTeX Font Info:    ... okay on input line 115.

(/Users/mariajosezunigabasualto/Library/TinyTeX/texmf-dist/tex/latex/epstopdf-p
kg/epstopdf-base.sty
Package: epstopdf-base 2020-01-24 v2.11 Base part for package epstopdf
Package epstopdf-base Info: Redefining graphics rule for `.eps' on input line 4
85.

(/Users/mariajosezunigabasualto/Library/TinyTeX/texmf-dist/tex/latex/latexconfi
g/epstopdf-sys.cfg
File: epstopdf-sys.cfg 2010/07/13 v1.3 Configuration of (r)epstopdf for TeX Liv
e
))
Package hyperref Info: Link coloring OFF on input line 115.

(/Users/mariajosezunigabasualto/Library/TinyTeX/texmf-dist/tex/latex/hyperref/n
ameref.sty
Package: nameref 2021-04-02 v2.47 Cross-referencing by name of section

(/Users/mariajosezunigabasualto/Library/TinyTeX/texmf-dist/tex/latex/refcount/r
efcount.sty
Package: refcount 2019/12/15 v3.6 Data extraction from label references (HO)
)
(/Users/mariajosezunigabasualto/Library/TinyTeX/texmf-dist/tex/generic/gettitle
string/gettitlestring.sty
Package: gettitlestring 2019/12/15 v1.6 Cleanup title references (HO)
)
\c@section@level=\count292
)
LaTeX Info: Redefining \ref on input line 115.
LaTeX Info: Redefining \pageref on input line 115.
LaTeX Info: Redefining \nameref on input line 115.
(./Salidas_InformeFinal.out) (./Salidas_InformeFinal.out)
\@outlinefile=\write4
\openout4 = `Salidas_InformeFinal.out'.

*geometry* driver: auto-detecting
*geometry* detected driver: pdftex
*geometry* verbose mode - [ preamble ] result:
* driver: pdftex
* paper: <default>
* layout: <same size as paper>
* layoutoffset:(h,v)=(0.0pt,0.0pt)
* modes: 
* h-part:(L,W,R)=(72.26999pt, 469.75502pt, 72.26999pt)
* v-part:(T,H,B)=(72.26999pt, 650.43001pt, 72.26999pt)
* \paperwidth=614.295pt
* \paperheight=794.96999pt
* \textwidth=469.75502pt
* \textheight=650.43001pt
* \oddsidemargin=0.0pt
* \evensidemargin=0.0pt
* \topmargin=-37.0pt
* \headheight=12.0pt
* \headsep=25.0pt
* \topskip=10.0pt
* \footskip=30.0pt
* \marginparwidth=65.0pt
* \marginparsep=11.0pt
* \columnsep=10.0pt
* \skip\footins=9.0pt plus 4.0pt minus 2.0pt
* \hoffset=0.0pt
* \voffset=0.0pt
* \mag=1000
* \@twocolumnfalse
* \@twosidefalse
* \@mparswitchfalse
* \@reversemarginfalse
* (1in=72.27pt=25.4mm, 1cm=28.453pt)

LaTeX Font Info:    Trying to load font information for OT1+lmr on input line 1
17.

(/Users/mariajosezunigabasualto/Library/TinyTeX/texmf-dist/tex/latex/lm/ot1lmr.
fd
File: ot1lmr.fd 2009/10/30 v1.6 Font defs for Latin Modern
)
LaTeX Font Info:    Trying to load font information for OML+lmm on input line 1
17.

(/Users/mariajosezunigabasualto/Library/TinyTeX/texmf-dist/tex/latex/lm/omllmm.
fd
File: omllmm.fd 2009/10/30 v1.6 Font defs for Latin Modern
)
LaTeX Font Info:    Trying to load font information for OMS+lmsy on input line 
117.

(/Users/mariajosezunigabasualto/Library/TinyTeX/texmf-dist/tex/latex/lm/omslmsy
.fd
File: omslmsy.fd 2009/10/30 v1.6 Font defs for Latin Modern
)
LaTeX Font Info:    Trying to load font information for OMX+lmex on input line 
117.

(/Users/mariajosezunigabasualto/Library/TinyTeX/texmf-dist/tex/latex/lm/omxlmex
.fd
File: omxlmex.fd 2009/10/30 v1.6 Font defs for Latin Modern
)
LaTeX Font Info:    External font `lmex10' loaded for size
(Font)              <12> on input line 117.
LaTeX Font Info:    External font `lmex10' loaded for size
(Font)              <8> on input line 117.
LaTeX Font Info:    External font `lmex10' loaded for size
(Font)              <6> on input line 117.
LaTeX Font Info:    Trying to load font information for U+msa on input line 117
.

(/Users/mariajosezunigabasualto/Library/TinyTeX/texmf-dist/tex/latex/amsfonts/u
msa.fd
File: umsa.fd 2013/01/14 v3.01 AMS symbols A
)
LaTeX Font Info:    Trying to load font information for U+msb on input line 117
.

(/Users/mariajosezunigabasualto/Library/TinyTeX/texmf-dist/tex/latex/amsfonts/u
msb.fd
File: umsb.fd 2013/01/14 v3.01 AMS symbols B
)
LaTeX Font Info:    Trying to load font information for T1+lmtt on input line 1
22.

(/Users/mariajosezunigabasualto/Library/TinyTeX/texmf-dist/tex/latex/lm/t1lmtt.
fd
File: t1lmtt.fd 2009/10/30 v1.6 Font defs for Latin Modern
)
LaTeX Font Info:    Font shape `T1/lmtt/bx/n' in size <10> not available
(Font)              Font shape `T1/lmtt/b/n' tried instead on input line 123.
LaTeX Font Info:    Trying to load font information for TS1+lmtt on input line 
137.

(/Users/mariajosezunigabasualto/Library/TinyTeX/texmf-dist/tex/latex/lm/ts1lmtt
.fd
File: ts1lmtt.fd 2009/10/30 v1.6 Font defs for Latin Modern
)
<Figuras/Fig2-1.pdf, id=16, 469.755pt x 252.945pt>
File: Figuras/Fig2-1.pdf Graphic file (type pdf)
<use Figuras/Fig2-1.pdf>
Package pdftex.def Info: Figuras/Fig2-1.pdf  used on input line 145.
(pdftex.def)             Requested size: 469.75386pt x 252.94438pt.
[1

{/Users/mariajosezunigabasualto/Library/TinyTeX/texmf-var/fonts/map/pdftex/updm
ap/pdftex.map} <./Figuras/Fig2-1.pdf>]
<Figuras/Fig3-1.pdf, id=34, 433.62pt x 237.88875pt>
File: Figuras/Fig3-1.pdf Graphic file (type pdf)
<use Figuras/Fig3-1.pdf>
Package pdftex.def Info: Figuras/Fig3-1.pdf  used on input line 175.
(pdftex.def)             Requested size: 433.63878pt x 237.89903pt.
<Figuras/Fig4-1.pdf, id=35, 418.56375pt x 237.88875pt>
File: Figuras/Fig4-1.pdf Graphic file (type pdf)
<use Figuras/Fig4-1.pdf>
Package pdftex.def Info: Figuras/Fig4-1.pdf  used on input line 188.
(pdftex.def)             Requested size: 418.56271pt x 237.88815pt.
[2 <./Figuras/Fig3-1.pdf>]
<Figuras/Fig7-1.pdf, id=45, 252.945pt x 252.945pt>
File: Figuras/Fig7-1.pdf Graphic file (type pdf)
<use Figuras/Fig7-1.pdf>
Package pdftex.def Info: Figuras/Fig7-1.pdf  used on input line 209.
(pdftex.def)             Requested size: 252.94823pt x 252.94823pt.
[3 <./Figuras/Fig4-1.pdf>]
<Figuras/Fig8-1.pdf, id=56, 469.755pt x 252.945pt>
File: Figuras/Fig8-1.pdf Graphic file (type pdf)
<use Figuras/Fig8-1.pdf>
Package pdftex.def Info: Figuras/Fig8-1.pdf  used on input line 228.
(pdftex.def)             Requested size: 469.75386pt x 252.94438pt.
[4 <./Figuras/Fig7-1.pdf>]
<Figuras/Fig15-1.pdf, id=66, 361.35pt x 216.81pt>
File: Figuras/Fig15-1.pdf Graphic file (type pdf)
<use Figuras/Fig15-1.pdf>
Package pdftex.def Info: Figuras/Fig15-1.pdf  used on input line 252.
(pdftex.def)             Requested size: 361.34912pt x 216.80946pt.
[5 <./Figuras/Fig8-1.pdf>]
<Figuras/Fig16-1.pdf, id=77, 650.43pt x 325.215pt>
File: Figuras/Fig16-1.pdf Graphic file (type pdf)
<use Figuras/Fig16-1.pdf>
Package pdftex.def Info: Figuras/Fig16-1.pdf  used on input line 285.
(pdftex.def)             Requested size: 469.76817pt x 234.88408pt.
[6 <./Figuras/Fig15-1.pdf>] [7 <./Figuras/Fig16-1.pdf>]
<Figuras/Fig19-1.pdf, id=99, 578.16pt x 325.215pt>
File: Figuras/Fig19-1.pdf Graphic file (type pdf)
<use Figuras/Fig19-1.pdf>
Package pdftex.def Info: Figuras/Fig19-1.pdf  used on input line 330.
(pdftex.def)             Requested size: 469.75385pt x 264.23653pt.
<Figuras/Fig20-1.pdf, id=100, 361.35pt x 578.16pt>
File: Figuras/Fig20-1.pdf Graphic file (type pdf)
<use Figuras/Fig20-1.pdf>
Package pdftex.def Info: Figuras/Fig20-1.pdf  used on input line 353.
(pdftex.def)             Requested size: 361.34912pt x 578.15858pt.
[8 <./Figuras/Fig19-1.pdf>]
Underfull \vbox (badness 10000) detected at line 390
 []

[9 <./Figuras/Fig20-1.pdf>]
<Figuras/Fig21-1.pdf, id=119, 650.43pt x 289.08pt>
File: Figuras/Fig21-1.pdf Graphic file (type pdf)
<use Figuras/Fig21-1.pdf>
Package pdftex.def Info: Figuras/Fig21-1.pdf  used on input line 392.
(pdftex.def)             Requested size: 469.76817pt x 208.78584pt.
[10 <./Figuras/Fig21-1.pdf>]
<Figuras/Fig22-1.pdf, id=130, 650.43pt x 433.62pt>
File: Figuras/Fig22-1.pdf Graphic file (type pdf)
<use Figuras/Fig22-1.pdf>
Package pdftex.def Info: Figuras/Fig22-1.pdf  used on input line 432.
(pdftex.def)             Requested size: 469.76817pt x 313.17879pt.
[11]
Underfull \vbox (badness 10000) detected at line 469
 []

[12 <./Figuras/Fig22-1.pdf>]
<Figuras/Fig23-1.pdf, id=148, 650.43pt x 289.08pt>
File: Figuras/Fig23-1.pdf Graphic file (type pdf)
<use Figuras/Fig23-1.pdf>
Package pdftex.def Info: Figuras/Fig23-1.pdf  used on input line 471.
(pdftex.def)             Requested size: 469.76817pt x 208.78584pt.

Overfull \vbox (0.31781pt too high) detected at line 509
 []

[13 <./Figuras/Fig23-1.pdf>]
<Figuras/Fig24-1.pdf, id=161, 650.43pt x 433.62pt>
File: Figuras/Fig24-1.pdf Graphic file (type pdf)
<use Figuras/Fig24-1.pdf>
Package pdftex.def Info: Figuras/Fig24-1.pdf  used on input line 511.
(pdftex.def)             Requested size: 469.76817pt x 313.17879pt.
[14 <./Figuras/Fig24-1.pdf>]
<Figuras/Fig26-1.pdf, id=175, 469.755pt x 483.8075pt>
File: Figuras/Fig26-1.pdf Graphic file (type pdf)
<use Figuras/Fig26-1.pdf>
Package pdftex.def Info: Figuras/Fig26-1.pdf  used on input line 586.
(pdftex.def)             Requested size: 469.75386pt x 483.80632pt.
[15]
Underfull \vbox (badness 10000) detected at line 625
 []

[16 <./Figuras/Fig26-1.pdf>]
<Figuras/Fig27-1.pdf, id=189, 650.43pt x 505.89pt>
File: Figuras/Fig27-1.pdf Graphic file (type pdf)
<use Figuras/Fig27-1.pdf>
Package pdftex.def Info: Figuras/Fig27-1.pdf  used on input line 657.
(pdftex.def)             Requested size: 469.76817pt x 365.37524pt.
[17]
Underfull \vbox (badness 10000) detected at line 690
 []


Overfull \vbox (0.11197pt too high) detected at line 690
 []

[18 <./Figuras/Fig27-1.pdf>]
<Figuras/Fig28-1.pdf, id=204, 578.16pt x 505.89pt>
File: Figuras/Fig28-1.pdf Graphic file (type pdf)
<use Figuras/Fig28-1.pdf>
Package pdftex.def Info: Figuras/Fig28-1.pdf  used on input line 692.
(pdftex.def)             Requested size: 469.75385pt x 411.0346pt.
[19 <./Figuras/Fig28-1.pdf>]
<Figuras/Fig29-1.pdf, id=215, 578.16pt x 505.89pt>
File: Figuras/Fig29-1.pdf Graphic file (type pdf)
<use Figuras/Fig29-1.pdf>
Package pdftex.def Info: Figuras/Fig29-1.pdf  used on input line 727.
(pdftex.def)             Requested size: 469.75385pt x 411.0346pt.
[20 <./Figuras/Fig29-1.pdf>]
<Figuras/Fig30-1.pdf, id=225, 578.16pt x 505.89pt>
File: Figuras/Fig30-1.pdf Graphic file (type pdf)
<use Figuras/Fig30-1.pdf>
Package pdftex.def Info: Figuras/Fig30-1.pdf  used on input line 762.
(pdftex.def)             Requested size: 469.75385pt x 411.0346pt.
[21]
Underfull \vbox (badness 10000) detected at line 858
 []

[22 <./Figuras/Fig30-1.pdf>]
Underfull \vbox (badness 10000) detected at line 858
 []


Underfull \vbox (badness 10000) detected at line 858
 []

[23]
<Figuras/Fig31-1.pdf, id=243, 722.7pt x 361.35pt>
File: Figuras/Fig31-1.pdf Graphic file (type pdf)
<use Figuras/Fig31-1.pdf>
Package pdftex.def Info: Figuras/Fig31-1.pdf  used on input line 860.
(pdftex.def)             Requested size: 469.76045pt x 234.88023pt.

Underfull \vbox (badness 4048) detected at line 882
 []

[24 <./Figuras/Fig31-1.pdf>]
Underfull \vbox (badness 10000) detected at line 943
 []


Overfull \vbox (1.90346pt too high) detected at line 943
 []

[25]
Underfull \vbox (badness 10000) detected at line 999
 []


Overfull \vbox (1.90346pt too high) detected at line 999
 []

[26]
<Figuras/Fig32-1.pdf, id=262, 505.89pt x 505.89pt>
File: Figuras/Fig32-1.pdf Graphic file (type pdf)
<use Figuras/Fig32-1.pdf>
Package pdftex.def Info: Figuras/Fig32-1.pdf  used on input line 1001.
(pdftex.def)             Requested size: 469.76265pt x 469.76265pt.

Underfull \vbox (badness 1527) detected at line 1061
 []

[27 <./Figuras/Fig32-1.pdf>]
Underfull \vbox (badness 10000) detected at line 1159
 []


Overfull \vbox (0.94945pt too high) detected at line 1159
 []

[28]
Underfull \vbox (badness 10000) detected at line 1159
 []


Underfull \vbox (badness 10000) detected at line 1159
 []

[29]
<Figuras/Fig33-1.pdf, id=283, 722.7pt x 722.7pt>
File: Figuras/Fig33-1.pdf Graphic file (type pdf)
<use Figuras/Fig33-1.pdf>
Package pdftex.def Info: Figuras/Fig33-1.pdf  used on input line 1161.
(pdftex.def)             Requested size: 469.76045pt x 469.76045pt.
[30]
Underfull \vbox (badness 10000) detected at line 1198
 []

[31 <./Figuras/Fig33-1.pdf>]
<Figuras/Fig34-1.pdf, id=302, 361.35pt x 289.08pt>
File: Figuras/Fig34-1.pdf Graphic file (type pdf)
<use Figuras/Fig34-1.pdf>
Package pdftex.def Info: Figuras/Fig34-1.pdf  used on input line 1200.
(pdftex.def)             Requested size: 361.34912pt x 289.07928pt.

Underfull \vbox (badness 4595) detected at line 1228
 []

[32 <./Figuras/Fig34-1.pdf>]
<Figuras/Fig35-1.pdf, id=313, 578.16pt x 433.62pt>
File: Figuras/Fig35-1.pdf Graphic file (type pdf)
<use Figuras/Fig35-1.pdf>
Package pdftex.def Info: Figuras/Fig35-1.pdf  used on input line 1252.
(pdftex.def)             Requested size: 469.75385pt x 352.31538pt.
[33]
Underfull \vbox (badness 10000) detected at line 1288
 []

[34 <./Figuras/Fig35-1.pdf>]
LaTeX Font Info:    External font `lmex10' loaded for size
(Font)              <10> on input line 1295.
LaTeX Font Info:    External font `lmex10' loaded for size
(Font)              <7> on input line 1295.
LaTeX Font Info:    External font `lmex10' loaded for size
(Font)              <5> on input line 1295.

Overfull \hbox (6.81586pt too wide) in paragraph at lines 1314--1315
[]\T1/lmr/m/n/10 1990/91|  
 []


Overfull \hbox (6.81586pt too wide) in paragraph at lines 1333--1334
[]\T1/lmr/m/n/10 1991/92|  
 []


Overfull \hbox (6.81586pt too wide) in paragraph at lines 1352--1353
[]\T1/lmr/m/n/10 1992/93|  
 []


Overfull \hbox (6.81586pt too wide) in paragraph at lines 1371--1372
[]\T1/lmr/m/n/10 1993/94|  
 []


Overfull \hbox (6.81586pt too wide) in paragraph at lines 1390--1391
[]\T1/lmr/m/n/10 1994/95|  
 []


Overfull \hbox (6.81586pt too wide) in paragraph at lines 1409--1410
[]\T1/lmr/m/n/10 1995/96|  
 []


Overfull \hbox (6.81586pt too wide) in paragraph at lines 1428--1429
[]\T1/lmr/m/n/10 1996/97|  
 []


Overfull \hbox (6.81586pt too wide) in paragraph at lines 1447--1448
[]\T1/lmr/m/n/10 1997/98|  
 []


Overfull \hbox (6.81586pt too wide) in paragraph at lines 1466--1467
[]\T1/lmr/m/n/10 1998/99|  
 []


Overfull \hbox (6.81586pt too wide) in paragraph at lines 1485--1486
[]\T1/lmr/m/n/10 1999/00|  
 []


Overfull \hbox (6.81586pt too wide) in paragraph at lines 1504--1505
[]\T1/lmr/m/n/10 2000/01|  
 []


Overfull \hbox (6.81586pt too wide) in paragraph at lines 1523--1524
[]\T1/lmr/m/n/10 2001/02|  
 []


Overfull \hbox (6.81586pt too wide) in paragraph at lines 1542--1543
[]\T1/lmr/m/n/10 2002/03|  
 []


Overfull \hbox (6.81586pt too wide) in paragraph at lines 1561--1562
[]\T1/lmr/m/n/10 2003/04|  
 []


Overfull \hbox (6.81586pt too wide) in paragraph at lines 1580--1581
[]\T1/lmr/m/n/10 2004/05|  
 []


Overfull \hbox (6.81586pt too wide) in paragraph at lines 1599--1600
[]\T1/lmr/m/n/10 2005/06|  
 []


Overfull \hbox (6.81586pt too wide) in paragraph at lines 1618--1619
[]\T1/lmr/m/n/10 2006/07|  
 []


Overfull \hbox (6.81586pt too wide) in paragraph at lines 1637--1638
[]\T1/lmr/m/n/10 2007/08|  
 []


Overfull \hbox (6.81586pt too wide) in paragraph at lines 1656--1657
[]\T1/lmr/m/n/10 2008/09|  
 []


Overfull \hbox (6.81586pt too wide) in paragraph at lines 1675--1676
[]\T1/lmr/m/n/10 2009/10|  
 []


Overfull \hbox (6.81586pt too wide) in paragraph at lines 1694--1695
[]\T1/lmr/m/n/10 2010/11|  
 []


Overfull \hbox (6.81586pt too wide) in paragraph at lines 1713--1714
[]\T1/lmr/m/n/10 2011/12|  
 []


Overfull \hbox (6.81586pt too wide) in paragraph at lines 1732--1733
[]\T1/lmr/m/n/10 2012/13|  
 []


Overfull \hbox (6.81586pt too wide) in paragraph at lines 1751--1752
[]\T1/lmr/m/n/10 2013/14|  
 []


Overfull \hbox (6.81586pt too wide) in paragraph at lines 1770--1771
[]\T1/lmr/m/n/10 2014/15|  
 []


Overfull \hbox (6.81586pt too wide) in paragraph at lines 1789--1790
[]\T1/lmr/m/n/10 2015/16|  
 []


Overfull \hbox (6.81586pt too wide) in paragraph at lines 1808--1809
[]\T1/lmr/m/n/10 2016/17|  
 []


Overfull \hbox (6.81586pt too wide) in paragraph at lines 1827--1828
[]\T1/lmr/m/n/10 2017/18|  
 []


Overfull \hbox (6.81586pt too wide) in paragraph at lines 1846--1847
[]\T1/lmr/m/n/10 2018/19|  
 []


Overfull \hbox (6.81586pt too wide) in paragraph at lines 1865--1866
[]\T1/lmr/m/n/10 2019/20|  
 []


Overfull \hbox (6.81586pt too wide) in paragraph at lines 1884--1885
[]\T1/lmr/m/n/10 2020/21|  
 []

[35]
Underfull \vbox (badness 10000) detected at line 2002
 []


Underfull \vbox (badness 10000) detected at line 2002
 []

[36]
<Figuras/Fig36-1.pdf, id=341, 252.945pt x 252.945pt>
File: Figuras/Fig36-1.pdf Graphic file (type pdf)
<use Figuras/Fig36-1.pdf>
Package pdftex.def Info: Figuras/Fig36-1.pdf  used on input line 2028.
(pdftex.def)             Requested size: 252.94823pt x 252.94823pt.
[37]
Underfull \vbox (badness 10000) detected at line 2088
 []


Overfull \vbox (0.72253pt too high) detected at line 2088
 []

[38 <./Figuras/Fig36-1.pdf>]
Underfull \vbox (badness 10000) detected at line 2146
 []

[39]
<Figuras/Fig37-1.pdf, id=360, 650.43pt x 325.215pt>
File: Figuras/Fig37-1.pdf Graphic file (type pdf)
<use Figuras/Fig37-1.pdf>
Package pdftex.def Info: Figuras/Fig37-1.pdf  used on input line 2185.
(pdftex.def)             Requested size: 469.76817pt x 234.88408pt.
[40]
<Figuras/Fig38-1.pdf, id=365, 542.025pt x 252.945pt>
File: Figuras/Fig38-1.pdf Graphic file (type pdf)
<use Figuras/Fig38-1.pdf>
Package pdftex.def Info: Figuras/Fig38-1.pdf  used on input line 2221.
(pdftex.def)             Requested size: 469.77148pt x 219.22668pt.
[41 <./Figuras/Fig37-1.pdf>]
Underfull \vbox (badness 10000) detected at line 2280
 []

[42 <./Figuras/Fig38-1.pdf>]
Underfull \vbox (badness 10000) detected at line 2337
 []

[43]
Underfull \vbox (badness 10000) detected at line 2401
 []


Overfull \vbox (1.90346pt too high) detected at line 2401
 []

[44]
<Figuras/Fig39-1.pdf, id=396, 578.16pt x 469.755pt>
File: Figuras/Fig39-1.pdf Graphic file (type pdf)
<use Figuras/Fig39-1.pdf>
Package pdftex.def Info: Figuras/Fig39-1.pdf  used on input line 2403.
(pdftex.def)             Requested size: 469.75385pt x 381.675pt.
[45] [46 <./Figuras/Fig39-1.pdf>] [47]
<Figuras/Fig40-1.pdf, id=421, 289.08pt x 289.08pt>
File: Figuras/Fig40-1.pdf Graphic file (type pdf)
<use Figuras/Fig40-1.pdf>
Package pdftex.def Info: Figuras/Fig40-1.pdf  used on input line 2877.
(pdftex.def)             Requested size: 289.09251pt x 289.09251pt.
[48]
<Figuras/Fig41-1.pdf, id=426, 289.08pt x 289.08pt>
File: Figuras/Fig41-1.pdf Graphic file (type pdf)
<use Figuras/Fig41-1.pdf>
Package pdftex.def Info: Figuras/Fig41-1.pdf  used on input line 2911.
(pdftex.def)             Requested size: 289.09251pt x 289.09251pt.
[49 <./Figuras/Fig40-1.pdf>]

LaTeX Warning: Command \' invalid in math mode on input line 2940.

[50 <./Figuras/Fig41-1.pdf>] (./Salidas_InformeFinal.aux)
Package rerunfilecheck Info: File `Salidas_InformeFinal.out' has not changed.
(rerunfilecheck)             Checksum: 86DA5EA923702FFC53C8DAB4436A5726;300.
 ) 
Here is how much of TeX's memory you used:
 11208 strings out of 480990
 166326 string characters out of 5906108
 556920 words of memory out of 5000000
 28108 multiletter control sequences out of 15000+600000
 443983 words of font info for 67 fonts, out of 8000000 for 9000
 14 hyphenation exceptions out of 8191
 71i,8n,74p,1202b,441s stack positions out of 5000i,500n,10000p,200000b,80000s
{/Users/mariajosezunigabasualto/Library/TinyTeX/texmf-dist/fonts/enc/dvips/lm
/lm-mathsy.enc}{/Users/mariajosezunigabasualto/Library/TinyTeX/texmf-dist/fonts
/enc/dvips/lm/lm-rm.enc}{/Users/mariajosezunigabasualto/Library/TinyTeX/texmf-d
ist/fonts/enc/dvips/lm/lm-mathit.enc}{/Users/mariajosezunigabasualto/Library/Ti
nyTeX/texmf-dist/fonts/enc/dvips/lm/lm-ec.enc}{/Users/mariajosezunigabasualto/L
ibrary/TinyTeX/texmf-dist/fonts/enc/dvips/lm/lm-ts1.enc}</Users/mariajosezuniga
basualto/Library/TinyTeX/texmf-dist/fonts/type1/public/lm/lmbx12.pfb></Users/ma
riajosezunigabasualto/Library/TinyTeX/texmf-dist/fonts/type1/public/lm/lmmi10.p
fb></Users/mariajosezunigabasualto/Library/TinyTeX/texmf-dist/fonts/type1/publi
c/lm/lmmi5.pfb></Users/mariajosezunigabasualto/Library/TinyTeX/texmf-dist/fonts
/type1/public/lm/lmmi7.pfb></Users/mariajosezunigabasualto/Library/TinyTeX/texm
f-dist/fonts/type1/public/lm/lmr10.pfb></Users/mariajosezunigabasualto/Library/
TinyTeX/texmf-dist/fonts/type1/public/lm/lmr17.pfb></Users/mariajosezunigabasua
lto/Library/TinyTeX/texmf-dist/fonts/type1/public/lm/lmsy10.pfb></Users/mariajo
sezunigabasualto/Library/TinyTeX/texmf-dist/fonts/type1/public/lm/lmtk10.pfb></
Users/mariajosezunigabasualto/Library/TinyTeX/texmf-dist/fonts/type1/public/lm/
lmtt10.pfb></Users/mariajosezunigabasualto/Library/TinyTeX/texmf-dist/fonts/typ
e1/public/lm/lmtti10.pfb>
Output written on Salidas_InformeFinal.pdf (50 pages, 556733 bytes).
PDF statistics:
 508 PDF objects out of 1000 (max. 8388607)
 382 compressed objects within 4 object streams
 61 named destinations out of 1000 (max. 500000)
 170 words of extra memory for PDF output out of 10000 (max. 10000000)

